Cannot load Xdebug - it was already loaded
[Wed Jul 22 22:08:32.085630 2020] [mpm_prefork:notice] [pid 1] AH00163: Apache/2.4.38 (Debian) PHP/7.4.8 OpenSSL/1.1.1d configured -- resuming normal operations
[Wed Jul 22 22:08:32.085749 2020] [core:notice] [pid 1] AH00094: Command line: 'apache2 -D FOREGROUND'
[Wed Jul 22 22:19:38.860441 2020] [mpm_prefork:notice] [pid 1] AH00170: caught SIGWINCH, shutting down gracefully
Cannot load Xdebug - it was already loaded
[Wed Jul 22 22:19:46.455756 2020] [mpm_prefork:notice] [pid 1] AH00163: Apache/2.4.38 (Debian) PHP/7.4.8 OpenSSL/1.1.1d configured -- resuming normal operations
[Wed Jul 22 22:19:46.455853 2020] [core:notice] [pid 1] AH00094: Command line: 'apache2 -D FOREGROUND'
[Thu Jul 23 06:22:01.588146 2020] [mpm_prefork:notice] [pid 1] AH00169: caught SIGTERM, shutting down
Cannot load Xdebug - it was already loaded
[Thu Jul 23 06:22:26.572186 2020] [mpm_prefork:notice] [pid 1] AH00163: Apache/2.4.38 (Debian) PHP/7.4.8 OpenSSL/1.1.1d configured -- resuming normal operations
[Thu Jul 23 06:22:26.572439 2020] [core:notice] [pid 1] AH00094: Command line: 'apache2 -D FOREGROUND'
[Thu Jul 23 06:23:12.860542 2020] [mpm_prefork:notice] [pid 1] AH00170: caught SIGWINCH, shutting down gracefully
Cannot load Xdebug - it was already loaded
[Thu Jul 23 06:32:38.593537 2020] [mpm_prefork:notice] [pid 1] AH00163: Apache/2.4.38 (Debian) PHP/7.4.8 OpenSSL/1.1.1d configured -- resuming normal operations
[Thu Jul 23 06:32:38.593658 2020] [core:notice] [pid 1] AH00094: Command line: 'apache2 -D FOREGROUND'
[Thu Jul 23 06:38:43.442115 2020] [mpm_prefork:notice] [pid 1] AH00170: caught SIGWINCH, shutting down gracefully
Cannot load Xdebug - it was already loaded
[Thu Jul 23 06:39:25.722033 2020] [mpm_prefork:notice] [pid 1] AH00163: Apache/2.4.38 (Debian) PHP/7.4.8 OpenSSL/1.1.1d configured -- resuming normal operations
[Thu Jul 23 06:39:25.722143 2020] [core:notice] [pid 1] AH00094: Command line: 'apache2 -D FOREGROUND'
[Thu Jul 23 06:39:37.689422 2020] [mpm_prefork:notice] [pid 1] AH00170: caught SIGWINCH, shutting down gracefully
Cannot load Xdebug - it was already loaded
[Thu Jul 23 06:41:20.195982 2020] [mpm_prefork:notice] [pid 1] AH00163: Apache/2.4.38 (Debian) PHP/7.4.8 OpenSSL/1.1.1d configured -- resuming normal operations
[Thu Jul 23 06:41:20.196101 2020] [core:notice] [pid 1] AH00094: Command line: 'apache2 -D FOREGROUND'
[Thu Jul 23 06:42:45.439930 2020] [mpm_prefork:notice] [pid 1] AH00170: caught SIGWINCH, shutting down gracefully
Cannot load Xdebug - it was already loaded
[Thu Jul 23 07:08:06.571859 2020] [mpm_prefork:notice] [pid 1] AH00163: Apache/2.4.38 (Debian) PHP/7.4.8 OpenSSL/1.1.1d configured -- resuming normal operations
[Thu Jul 23 07:08:06.571964 2020] [core:notice] [pid 1] AH00094: Command line: 'apache2 -D FOREGROUND'
[Thu Jul 23 07:13:02.068537 2020] [mpm_prefork:notice] [pid 1] AH00170: caught SIGWINCH, shutting down gracefully
Cannot load Xdebug - it was already loaded
[Thu Jul 23 07:20:34.906303 2020] [mpm_prefork:notice] [pid 1] AH00163: Apache/2.4.38 (Debian) PHP/7.4.8 OpenSSL/1.1.1d configured -- resuming normal operations
[Thu Jul 23 07:20:34.906385 2020] [core:notice] [pid 1] AH00094: Command line: 'apache2 -D FOREGROUND'
[Thu Jul 23 07:25:33.110434 2020] [mpm_prefork:notice] [pid 1] AH00170: caught SIGWINCH, shutting down gracefully
Cannot load Xdebug - it was already loaded
[Thu Jul 23 10:14:15.806369 2020] [mpm_prefork:notice] [pid 1] AH00163: Apache/2.4.38 (Debian) PHP/7.4.8 OpenSSL/1.1.1d configured -- resuming normal operations
[Thu Jul 23 10:14:15.806469 2020] [core:notice] [pid 1] AH00094: Command line: 'apache2 -D FOREGROUND'
[Thu Jul 23 10:16:37.696414 2020] [mpm_prefork:notice] [pid 1] AH00170: caught SIGWINCH, shutting down gracefully
Cannot load Xdebug - it was already loaded
[Thu Jul 23 10:16:46.620930 2020] [mpm_prefork:notice] [pid 1] AH00163: Apache/2.4.38 (Debian) PHP/7.4.8 OpenSSL/1.1.1d configured -- resuming normal operations
[Thu Jul 23 10:16:46.621048 2020] [core:notice] [pid 1] AH00094: Command line: 'apache2 -D FOREGROUND'
[Thu Jul 23 10:17:51.069219 2020] [php7:notice] [pid 16] [client 10.0.2.6:41128] PHP Fatal error:  Uncaught Zend_Db_Adapter_Mysqli_Exception: No such file or directory in /var/www/html/application/libraries/Zend/Db/Adapter/Mysqli.php:340\nStack trace:\n#0 /var/www/html/application/libraries/Zend/Db/Adapter/Abstract.php(460): Zend_Db_Adapter_Mysqli->_connect()\n#1 /var/www/html/application/modules/Core/Bootstrap.php(126): Zend_Db_Adapter_Abstract->query('SET time_zone =...')\n#2 /var/www/html/application/libraries/Engine/Application/Bootstrap/Abstract.php(256): Core_Bootstrap->_initDb()\n#3 /var/www/html/application/libraries/Engine/Application/Bootstrap/Abstract.php(207): Engine_Application_Bootstrap_Abstract->_executeResource('db')\n#4 /var/www/html/application/libraries/Engine/Application/Bootstrap/Abstract.php(150): Engine_Application_Bootstrap_Abstract->_bootstrap('db')\n#5 /var/www/html/application/libraries/Engine/Application.php(149): Engine_Application_Bootstrap_Abstract->bootstrap(NULL)\n#6 /var/www/html/application/index.php(222): Engine_Application->bootstrap()\n#7 /var/www/html/boot.php(47): include('/v in /var/www/html/application/libraries/Zend/Db/Adapter/Mysqli.php on line 340
[Thu Jul 23 10:17:51.500009 2020] [php7:notice] [pid 16] [client 10.0.2.6:41128] PHP Fatal error:  Uncaught Zend_Db_Adapter_Mysqli_Exception: No such file or directory in /var/www/html/application/libraries/Zend/Db/Adapter/Mysqli.php:340\nStack trace:\n#0 /var/www/html/application/libraries/Zend/Db/Adapter/Abstract.php(460): Zend_Db_Adapter_Mysqli->_connect()\n#1 /var/www/html/application/modules/Core/Bootstrap.php(126): Zend_Db_Adapter_Abstract->query('SET time_zone =...')\n#2 /var/www/html/application/libraries/Engine/Application/Bootstrap/Abstract.php(256): Core_Bootstrap->_initDb()\n#3 /var/www/html/application/libraries/Engine/Application/Bootstrap/Abstract.php(207): Engine_Application_Bootstrap_Abstract->_executeResource('db')\n#4 /var/www/html/application/libraries/Engine/Application/Bootstrap/Abstract.php(150): Engine_Application_Bootstrap_Abstract->_bootstrap('db')\n#5 /var/www/html/application/libraries/Engine/Application.php(149): Engine_Application_Bootstrap_Abstract->bootstrap(NULL)\n#6 /var/www/html/application/index.php(222): Engine_Application->bootstrap()\n#7 /var/www/html/boot.php(47): include('/v in /var/www/html/application/libraries/Zend/Db/Adapter/Mysqli.php on line 340
[Thu Jul 23 10:20:20.914595 2020] [mpm_prefork:notice] [pid 1] AH00170: caught SIGWINCH, shutting down gracefully
Cannot load Xdebug - it was already loaded
[Thu Jul 23 10:20:23.260535 2020] [mpm_prefork:notice] [pid 1] AH00163: Apache/2.4.38 (Debian) PHP/7.4.8 OpenSSL/1.1.1d configured -- resuming normal operations
[Thu Jul 23 10:20:23.260634 2020] [core:notice] [pid 1] AH00094: Command line: 'apache2 -D FOREGROUND'
[Thu Jul 23 10:25:33.659701 2020] [mpm_prefork:notice] [pid 1] AH00170: caught SIGWINCH, shutting down gracefully
Cannot load Xdebug - it was already loaded
[Thu Jul 23 10:49:09.168056 2020] [mpm_prefork:notice] [pid 1] AH00163: Apache/2.4.38 (Debian) PHP/7.4.8 OpenSSL/1.1.1d configured -- resuming normal operations
[Thu Jul 23 10:49:09.168169 2020] [core:notice] [pid 1] AH00094: Command line: 'apache2 -D FOREGROUND'
[Thu Jul 23 10:50:19.447075 2020] [php7:notice] [pid 16] [client 10.0.3.3:54182] PHP Fatal error:  Uncaught Zend_Cache_Exception: cache_dir "/var/www/html/temporary/cache" is not writable in /var/www/html/application/libraries/Zend/Cache.php:209\nStack trace:\n#0 /var/www/html/application/libraries/Zend/Cache/Backend/File.php(180): Zend_Cache::throwException('cache_dir "/var...')\n#1 /var/www/html/application/libraries/Zend/Cache/Backend/File.php(128): Zend_Cache_Backend_File->setCacheDir('/var/www/html/t...')\n#2 /var/www/html/application/libraries/Zend/Cache.php(153): Zend_Cache_Backend_File->__construct(Array)\n#3 /var/www/html/application/libraries/Zend/Cache.php(94): Zend_Cache::_makeBackend('File', Array, true, false)\n#4 /var/www/html/application/libraries/Engine/Cache.php(211): Zend_Cache::factory('core', 'File', Array, Array, false, true, false)\n#5 /var/www/html/application/modules/Core/Bootstrap.php(286): Engine_Cache::factory('core', 'File', Array, Array, false, true)\n#6 /var/www/html/application/libraries/Engine/Application/Bootstrap/Abstract.php(256): Core_Bootstrap->_initCache()\n#7 /var/www/html/ap in /var/www/html/application/libraries/Zend/Cache.php on line 209
[Thu Jul 23 10:52:14.184223 2020] [php7:notice] [pid 17] [client 10.0.3.3:54190] PHP Fatal error:  Uncaught Zend_Cache_Exception: cache_dir "/var/www/html/temporary/cache" is not writable in /var/www/html/application/libraries/Zend/Cache.php:209\nStack trace:\n#0 /var/www/html/application/libraries/Zend/Cache/Backend/File.php(180): Zend_Cache::throwException('cache_dir "/var...')\n#1 /var/www/html/application/libraries/Zend/Cache/Backend/File.php(128): Zend_Cache_Backend_File->setCacheDir('/var/www/html/t...')\n#2 /var/www/html/application/libraries/Zend/Cache.php(153): Zend_Cache_Backend_File->__construct(Array)\n#3 /var/www/html/application/libraries/Zend/Cache.php(94): Zend_Cache::_makeBackend('File', Array, true, false)\n#4 /var/www/html/application/libraries/Engine/Cache.php(211): Zend_Cache::factory('core', 'File', Array, Array, false, true, false)\n#5 /var/www/html/application/modules/Core/Bootstrap.php(286): Engine_Cache::factory('core', 'File', Array, Array, false, true)\n#6 /var/www/html/application/libraries/Engine/Application/Bootstrap/Abstract.php(256): Core_Bootstrap->_initCache()\n#7 /var/www/html/ap in /var/www/html/application/libraries/Zend/Cache.php on line 209, referer: https://web.localhost/
[Thu Jul 23 11:19:54.964634 2020] [php7:notice] [pid 18] [client 10.0.3.3:54320] PHP Fatal error:  Uncaught Zend_Cache_Exception: cache_dir "/var/www/html/temporary/cache" is not writable in /var/www/html/application/libraries/Zend/Cache.php:209\nStack trace:\n#0 /var/www/html/application/libraries/Zend/Cache/Backend/File.php(180): Zend_Cache::throwException('cache_dir "/var...')\n#1 /var/www/html/application/libraries/Zend/Cache/Backend/File.php(128): Zend_Cache_Backend_File->setCacheDir('/var/www/html/t...')\n#2 /var/www/html/application/libraries/Zend/Cache.php(153): Zend_Cache_Backend_File->__construct(Array)\n#3 /var/www/html/application/libraries/Zend/Cache.php(94): Zend_Cache::_makeBackend('File', Array, true, false)\n#4 /var/www/html/application/libraries/Engine/Cache.php(211): Zend_Cache::factory('core', 'File', Array, Array, false, true, false)\n#5 /var/www/html/application/modules/Core/Bootstrap.php(286): Engine_Cache::factory('core', 'File', Array, Array, false, true)\n#6 /var/www/html/application/libraries/Engine/Application/Bootstrap/Abstract.php(256): Core_Bootstrap->_initCache()\n#7 /var/www/html/ap in /var/www/html/application/libraries/Zend/Cache.php on line 209
[Thu Jul 23 11:19:55.711037 2020] [php7:notice] [pid 19] [client 10.0.3.3:54326] PHP Fatal error:  Uncaught Zend_Cache_Exception: cache_dir "/var/www/html/temporary/cache" is not writable in /var/www/html/application/libraries/Zend/Cache.php:209\nStack trace:\n#0 /var/www/html/application/libraries/Zend/Cache/Backend/File.php(180): Zend_Cache::throwException('cache_dir "/var...')\n#1 /var/www/html/application/libraries/Zend/Cache/Backend/File.php(128): Zend_Cache_Backend_File->setCacheDir('/var/www/html/t...')\n#2 /var/www/html/application/libraries/Zend/Cache.php(153): Zend_Cache_Backend_File->__construct(Array)\n#3 /var/www/html/application/libraries/Zend/Cache.php(94): Zend_Cache::_makeBackend('File', Array, true, false)\n#4 /var/www/html/application/libraries/Engine/Cache.php(211): Zend_Cache::factory('core', 'File', Array, Array, false, true, false)\n#5 /var/www/html/application/modules/Core/Bootstrap.php(286): Engine_Cache::factory('core', 'File', Array, Array, false, true)\n#6 /var/www/html/application/libraries/Engine/Application/Bootstrap/Abstract.php(256): Core_Bootstrap->_initCache()\n#7 /var/www/html/ap in /var/www/html/application/libraries/Zend/Cache.php on line 209
[Thu Jul 23 11:19:56.475390 2020] [php7:notice] [pid 20] [client 10.0.3.3:54334] PHP Fatal error:  Uncaught Zend_Cache_Exception: cache_dir "/var/www/html/temporary/cache" is not writable in /var/www/html/application/libraries/Zend/Cache.php:209\nStack trace:\n#0 /var/www/html/application/libraries/Zend/Cache/Backend/File.php(180): Zend_Cache::throwException('cache_dir "/var...')\n#1 /var/www/html/application/libraries/Zend/Cache/Backend/File.php(128): Zend_Cache_Backend_File->setCacheDir('/var/www/html/t...')\n#2 /var/www/html/application/libraries/Zend/Cache.php(153): Zend_Cache_Backend_File->__construct(Array)\n#3 /var/www/html/application/libraries/Zend/Cache.php(94): Zend_Cache::_makeBackend('File', Array, true, false)\n#4 /var/www/html/application/libraries/Engine/Cache.php(211): Zend_Cache::factory('core', 'File', Array, Array, false, true, false)\n#5 /var/www/html/application/modules/Core/Bootstrap.php(286): Engine_Cache::factory('core', 'File', Array, Array, false, true)\n#6 /var/www/html/application/libraries/Engine/Application/Bootstrap/Abstract.php(256): Core_Bootstrap->_initCache()\n#7 /var/www/html/ap in /var/www/html/application/libraries/Zend/Cache.php on line 209
[Thu Jul 23 11:19:58.539939 2020] [php7:notice] [pid 20] [client 10.0.3.3:54334] PHP Fatal error:  Uncaught Zend_Cache_Exception: cache_dir "/var/www/html/temporary/cache" is not writable in /var/www/html/application/libraries/Zend/Cache.php:209\nStack trace:\n#0 /var/www/html/application/libraries/Zend/Cache/Backend/File.php(180): Zend_Cache::throwException('cache_dir "/var...')\n#1 /var/www/html/application/libraries/Zend/Cache/Backend/File.php(128): Zend_Cache_Backend_File->setCacheDir('/var/www/html/t...')\n#2 /var/www/html/application/libraries/Zend/Cache.php(153): Zend_Cache_Backend_File->__construct(Array)\n#3 /var/www/html/application/libraries/Zend/Cache.php(94): Zend_Cache::_makeBackend('File', Array, true, false)\n#4 /var/www/html/application/libraries/Engine/Cache.php(211): Zend_Cache::factory('core', 'File', Array, Array, false, true, false)\n#5 /var/www/html/application/modules/Core/Bootstrap.php(286): Engine_Cache::factory('core', 'File', Array, Array, false, true)\n#6 /var/www/html/application/libraries/Engine/Application/Bootstrap/Abstract.php(256): Core_Bootstrap->_initCache()\n#7 /var/www/html/ap in /var/www/html/application/libraries/Zend/Cache.php on line 209
[Fri Jul 24 07:18:45.527833 2020] [mpm_prefork:notice] [pid 1] AH00170: caught SIGWINCH, shutting down gracefully
Cannot load Xdebug - it was already loaded
[Fri Jul 24 07:18:49.277973 2020] [mpm_prefork:notice] [pid 1] AH00163: Apache/2.4.38 (Debian) PHP/7.4.8 OpenSSL/1.1.1d configured -- resuming normal operations
[Fri Jul 24 07:18:49.278139 2020] [core:notice] [pid 1] AH00094: Command line: 'apache2 -D FOREGROUND'
[Fri Jul 24 10:44:45.887657 2020] [mpm_prefork:notice] [pid 1] AH00170: caught SIGWINCH, shutting down gracefully
