2020-07-06T16:26:55+00:00 WARN (4): [8192] array_key_exists(): Using array_key_exists() on objects is deprecated. Use isset() or property_exists() instead (/var/www/html/application/libraries/Zend/Registry.php) [206]
Error Code: 740fe6
Stack trace:
#0 /var/www/html/application/libraries/Zend/Registry.php(183): Zend_Registry->offsetExists('Zend_View_Helper_Placeholder_Reg...')
#1 /var/www/html/application/libraries/Zend/View/Helper/Placeholder/Registry.php(67): Zend_Registry::isRegistered('Zend_View_Helper_Placeholder_Reg...')
#2 /var/www/html/application/libraries/Zend/Layout.php(320): Zend_View_Helper_Placeholder_Registry::getRegistry()
#3 /var/www/html/application/libraries/Zend/Layout.php(157): Zend_Layout->_initVarContainer()
#4 /var/www/html/application/libraries/Zend/Layout.php(176): Zend_Layout->__construct(, 1)
#5 /var/www/html/install/Bootstrap.php(277): Zend_Layout::startMvc()
#6 /var/www/html/application/libraries/Zend/Application/Bootstrap/BootstrapAbstract.php(681): Install_Bootstrap->_initLayout()
#7 /var/www/html/application/libraries/Zend/Application/Bootstrap/BootstrapAbstract.php(634): Zend_Application_Bootstrap_BootstrapAbstract->_executeResource('layout')
#8 /var/www/html/application/libraries/Zend/Application/Bootstrap/BootstrapAbstract.php(598): Zend_Application_Bootstrap_BootstrapAbstract->_bootstrap('layout')
#9 /var/www/html/application/libraries/Zend/Application.php(373): Zend_Application_Bootstrap_BootstrapAbstract->bootstrap()
#10 /var/www/html/install/index.php(91): Zend_Application->bootstrap()
#11 {main}

2020-07-06T16:26:56+00:00 WARN (4): [8192] array_key_exists(): Using array_key_exists() on objects is deprecated. Use isset() or property_exists() instead (/var/www/html/application/libraries/Zend/Registry.php) [206]
Error Code: 2e2524
Stack trace:
#0 /var/www/html/application/libraries/Zend/Registry.php(183): Zend_Registry->offsetExists('Zend_Locale')
#1 /var/www/html/application/libraries/Zend/Locale.php(1831): Zend_Registry::isRegistered('Zend_Locale')
#2 /var/www/html/application/libraries/Zend/Translate/Adapter.php(239): Zend_Locale::findLocale()
#3 /var/www/html/application/libraries/Zend/Translate/Adapter.php(178): Zend_Translate_Adapter->addTranslation(Array)
#4 /var/www/html/application/libraries/Zend/Translate/Adapter/Csv.php(70): Zend_Translate_Adapter->__construct(Array)
#5 /var/www/html/application/libraries/Zend/Translate.php(144): Zend_Translate_Adapter_Csv->__construct(Array)
#6 /var/www/html/application/libraries/Zend/Translate.php(95): Zend_Translate->setAdapter(Array)
#7 /var/www/html/install/Bootstrap.php(322): Zend_Translate->__construct(Array, '/var/www/html/install/languages', , Array)
#8 /var/www/html/application/libraries/Zend/Application/Bootstrap/BootstrapAbstract.php(681): Install_Bootstrap->_initTranslate()
#9 /var/www/html/application/libraries/Zend/Application/Bootstrap/BootstrapAbstract.php(634): Zend_Application_Bootstrap_BootstrapAbstract->_executeResource('translate')
#10 /var/www/html/application/libraries/Zend/Application/Bootstrap/BootstrapAbstract.php(598): Zend_Application_Bootstrap_BootstrapAbstract->_bootstrap('translate')
#11 /var/www/html/application/libraries/Zend/Application.php(373): Zend_Application_Bootstrap_BootstrapAbstract->bootstrap()
#12 /var/www/html/install/index.php(91): Zend_Application->bootstrap()
#13 {main}

2020-07-06T16:26:56+00:00 WARN (4): [8192] array_key_exists(): Using array_key_exists() on objects is deprecated. Use isset() or property_exists() instead (/var/www/html/application/libraries/Zend/Registry.php) [206]
Error Code: 428149
Stack trace:
#0 /var/www/html/application/libraries/Zend/Registry.php(183): Zend_Registry->offsetExists('Zend_Locale')
#1 /var/www/html/application/libraries/Zend/Locale.php(1831): Zend_Registry::isRegistered('Zend_Locale')
#2 /var/www/html/application/libraries/Zend/Translate/Adapter.php(432): Zend_Locale::findLocale()
#3 /var/www/html/application/libraries/Zend/Translate/Adapter.php(182): Zend_Translate_Adapter->setLocale()
#4 /var/www/html/application/libraries/Zend/Translate/Adapter/Csv.php(70): Zend_Translate_Adapter->__construct(Array)
#5 /var/www/html/application/libraries/Zend/Translate.php(144): Zend_Translate_Adapter_Csv->__construct(Array)
#6 /var/www/html/application/libraries/Zend/Translate.php(95): Zend_Translate->setAdapter(Array)
#7 /var/www/html/install/Bootstrap.php(322): Zend_Translate->__construct(Array, '/var/www/html/install/languages', , Array)
#8 /var/www/html/application/libraries/Zend/Application/Bootstrap/BootstrapAbstract.php(681): Install_Bootstrap->_initTranslate()
#9 /var/www/html/application/libraries/Zend/Application/Bootstrap/BootstrapAbstract.php(634): Zend_Application_Bootstrap_BootstrapAbstract->_executeResource('translate')
#10 /var/www/html/application/libraries/Zend/Application/Bootstrap/BootstrapAbstract.php(598): Zend_Application_Bootstrap_BootstrapAbstract->_bootstrap('translate')
#11 /var/www/html/application/libraries/Zend/Application.php(373): Zend_Application_Bootstrap_BootstrapAbstract->bootstrap()
#12 /var/www/html/install/index.php(91): Zend_Application->bootstrap()
#13 {main}

2020-07-06T16:26:56+00:00 WARN (4): [8192] array_key_exists(): Using array_key_exists() on objects is deprecated. Use isset() or property_exists() instead (/var/www/html/application/libraries/Zend/Registry.php) [206]
Error Code: 3256c0
Stack trace:
#0 /var/www/html/application/libraries/Zend/Application/Bootstrap/BootstrapAbstract.php(533): Zend_Registry->offsetExists('frontcontroller')
#1 /var/www/html/application/libraries/Zend/Application/Bootstrap/BootstrapAbstract.php(552): Zend_Application_Bootstrap_BootstrapAbstract->hasResource('frontcontroller')
#2 /var/www/html/application/libraries/Zend/Application/Bootstrap/Bootstrap.php(96): Zend_Application_Bootstrap_BootstrapAbstract->getResource('FrontController')
#3 /var/www/html/application/libraries/Zend/Application.php(384): Zend_Application_Bootstrap_Bootstrap->run()
#4 /var/www/html/install/index.php(92): Zend_Application->run()
#5 {main}

2020-07-06T16:26:56+00:00 WARN (4): [8192] array_key_exists(): Using array_key_exists() on objects is deprecated. Use isset() or property_exists() instead (/var/www/html/application/libraries/Zend/Registry.php) [206]
Error Code: e0a465
Stack trace:
#0 /var/www/html/application/libraries/Zend/Registry.php(145): Zend_Registry->offsetExists('Engine/Installed')
#1 /var/www/html/install/controllers/IndexController.php(24): Zend_Registry::get('Engine/Installed')
#2 /var/www/html/application/libraries/Zend/Controller/Action.php(516): IndexController->indexAction()
#3 /var/www/html/application/libraries/Zend/Controller/Dispatcher/Standard.php(308): Zend_Controller_Action->dispatch('indexAction')
#4 /var/www/html/application/libraries/Zend/Controller/Front.php(954): Zend_Controller_Dispatcher_Standard->dispatch(Zend_Controller_Request_Http, Zend_Controller_Response_Http)
#5 /var/www/html/application/libraries/Zend/Application/Bootstrap/Bootstrap.php(105): Zend_Controller_Front->dispatch()
#6 /var/www/html/application/libraries/Zend/Application.php(384): Zend_Application_Bootstrap_Bootstrap->run()
#7 /var/www/html/install/index.php(92): Zend_Application->run()
#8 {main}

2020-07-06T16:26:57+00:00 WARN (4): [8192] array_key_exists(): Using array_key_exists() on objects is deprecated. Use isset() or property_exists() instead (/var/www/html/application/libraries/Zend/Registry.php) [206]
Error Code: a6b577
Stack trace:
#0 /var/www/html/application/libraries/Zend/Registry.php(183): Zend_Registry->offsetExists('Zend_View_Helper_Placeholder_Reg...')
#1 /var/www/html/application/libraries/Zend/View/Helper/Placeholder/Registry.php(67): Zend_Registry::isRegistered('Zend_View_Helper_Placeholder_Reg...')
#2 /var/www/html/application/libraries/Zend/Layout.php(320): Zend_View_Helper_Placeholder_Registry::getRegistry()
#3 /var/www/html/application/libraries/Zend/Layout.php(157): Zend_Layout->_initVarContainer()
#4 /var/www/html/application/libraries/Zend/Layout.php(176): Zend_Layout->__construct(, 1)
#5 /var/www/html/install/Bootstrap.php(277): Zend_Layout::startMvc()
#6 /var/www/html/application/libraries/Zend/Application/Bootstrap/BootstrapAbstract.php(681): Install_Bootstrap->_initLayout()
#7 /var/www/html/application/libraries/Zend/Application/Bootstrap/BootstrapAbstract.php(634): Zend_Application_Bootstrap_BootstrapAbstract->_executeResource('layout')
#8 /var/www/html/application/libraries/Zend/Application/Bootstrap/BootstrapAbstract.php(598): Zend_Application_Bootstrap_BootstrapAbstract->_bootstrap('layout')
#9 /var/www/html/application/libraries/Zend/Application.php(373): Zend_Application_Bootstrap_BootstrapAbstract->bootstrap()
#10 /var/www/html/install/index.php(91): Zend_Application->bootstrap()
#11 {main}

2020-07-06T16:26:57+00:00 WARN (4): [8192] array_key_exists(): Using array_key_exists() on objects is deprecated. Use isset() or property_exists() instead (/var/www/html/application/libraries/Zend/Registry.php) [206]
Error Code: e7bff4
Stack trace:
#0 /var/www/html/application/libraries/Zend/Registry.php(183): Zend_Registry->offsetExists('Zend_Locale')
#1 /var/www/html/application/libraries/Zend/Locale.php(1831): Zend_Registry::isRegistered('Zend_Locale')
#2 /var/www/html/application/libraries/Zend/Translate/Adapter.php(239): Zend_Locale::findLocale()
#3 /var/www/html/application/libraries/Zend/Translate/Adapter.php(178): Zend_Translate_Adapter->addTranslation(Array)
#4 /var/www/html/application/libraries/Zend/Translate/Adapter/Csv.php(70): Zend_Translate_Adapter->__construct(Array)
#5 /var/www/html/application/libraries/Zend/Translate.php(144): Zend_Translate_Adapter_Csv->__construct(Array)
#6 /var/www/html/application/libraries/Zend/Translate.php(95): Zend_Translate->setAdapter(Array)
#7 /var/www/html/install/Bootstrap.php(322): Zend_Translate->__construct(Array, '/var/www/html/install/languages', , Array)
#8 /var/www/html/application/libraries/Zend/Application/Bootstrap/BootstrapAbstract.php(681): Install_Bootstrap->_initTranslate()
#9 /var/www/html/application/libraries/Zend/Application/Bootstrap/BootstrapAbstract.php(634): Zend_Application_Bootstrap_BootstrapAbstract->_executeResource('translate')
#10 /var/www/html/application/libraries/Zend/Application/Bootstrap/BootstrapAbstract.php(598): Zend_Application_Bootstrap_BootstrapAbstract->_bootstrap('translate')
#11 /var/www/html/application/libraries/Zend/Application.php(373): Zend_Application_Bootstrap_BootstrapAbstract->bootstrap()
#12 /var/www/html/install/index.php(91): Zend_Application->bootstrap()
#13 {main}

2020-07-06T16:26:57+00:00 WARN (4): [8192] array_key_exists(): Using array_key_exists() on objects is deprecated. Use isset() or property_exists() instead (/var/www/html/application/libraries/Zend/Registry.php) [206]
Error Code: 2e4a4d
Stack trace:
#0 /var/www/html/application/libraries/Zend/Registry.php(183): Zend_Registry->offsetExists('Zend_Locale')
#1 /var/www/html/application/libraries/Zend/Locale.php(1831): Zend_Registry::isRegistered('Zend_Locale')
#2 /var/www/html/application/libraries/Zend/Translate/Adapter.php(432): Zend_Locale::findLocale()
#3 /var/www/html/application/libraries/Zend/Translate/Adapter.php(182): Zend_Translate_Adapter->setLocale()
#4 /var/www/html/application/libraries/Zend/Translate/Adapter/Csv.php(70): Zend_Translate_Adapter->__construct(Array)
#5 /var/www/html/application/libraries/Zend/Translate.php(144): Zend_Translate_Adapter_Csv->__construct(Array)
#6 /var/www/html/application/libraries/Zend/Translate.php(95): Zend_Translate->setAdapter(Array)
#7 /var/www/html/install/Bootstrap.php(322): Zend_Translate->__construct(Array, '/var/www/html/install/languages', , Array)
#8 /var/www/html/application/libraries/Zend/Application/Bootstrap/BootstrapAbstract.php(681): Install_Bootstrap->_initTranslate()
#9 /var/www/html/application/libraries/Zend/Application/Bootstrap/BootstrapAbstract.php(634): Zend_Application_Bootstrap_BootstrapAbstract->_executeResource('translate')
#10 /var/www/html/application/libraries/Zend/Application/Bootstrap/BootstrapAbstract.php(598): Zend_Application_Bootstrap_BootstrapAbstract->_bootstrap('translate')
#11 /var/www/html/application/libraries/Zend/Application.php(373): Zend_Application_Bootstrap_BootstrapAbstract->bootstrap()
#12 /var/www/html/install/index.php(91): Zend_Application->bootstrap()
#13 {main}

2020-07-06T16:26:57+00:00 WARN (4): [8192] array_key_exists(): Using array_key_exists() on objects is deprecated. Use isset() or property_exists() instead (/var/www/html/application/libraries/Zend/Registry.php) [206]
Error Code: 0a1ec9
Stack trace:
#0 /var/www/html/application/libraries/Zend/Application/Bootstrap/BootstrapAbstract.php(533): Zend_Registry->offsetExists('frontcontroller')
#1 /var/www/html/application/libraries/Zend/Application/Bootstrap/BootstrapAbstract.php(552): Zend_Application_Bootstrap_BootstrapAbstract->hasResource('frontcontroller')
#2 /var/www/html/application/libraries/Zend/Application/Bootstrap/Bootstrap.php(96): Zend_Application_Bootstrap_BootstrapAbstract->getResource('FrontController')
#3 /var/www/html/application/libraries/Zend/Application.php(384): Zend_Application_Bootstrap_Bootstrap->run()
#4 /var/www/html/install/index.php(92): Zend_Application->run()
#5 {main}

2020-07-06T16:26:57+00:00 WARN (4): [8192] array_key_exists(): Using array_key_exists() on objects is deprecated. Use isset() or property_exists() instead (/var/www/html/application/libraries/Zend/Registry.php) [206]
Error Code: 1a4c0f
Stack trace:
#0 /var/www/html/application/libraries/Zend/Registry.php(183): Zend_Registry->offsetExists('Engine/Installed')
#1 /var/www/html/install/controllers/InstallController.php(30): Zend_Registry::isRegistered('Engine/Installed')
#2 /var/www/html/application/libraries/Zend/Controller/Action.php(133): InstallController->init()
#3 /var/www/html/application/libraries/Zend/Controller/Dispatcher/Standard.php(281): Zend_Controller_Action->__construct(Zend_Controller_Request_Http, Zend_Controller_Response_Http, Array)
#4 /var/www/html/application/libraries/Zend/Controller/Front.php(954): Zend_Controller_Dispatcher_Standard->dispatch(Zend_Controller_Request_Http, Zend_Controller_Response_Http)
#5 /var/www/html/application/libraries/Zend/Application/Bootstrap/Bootstrap.php(105): Zend_Controller_Front->dispatch()
#6 /var/www/html/application/libraries/Zend/Application.php(384): Zend_Application_Bootstrap_Bootstrap->run()
#7 /var/www/html/install/index.php(92): Zend_Application->run()
#8 {main}

2020-07-06T16:26:57+00:00 WARN (4): [8192] array_key_exists(): Using array_key_exists() on objects is deprecated. Use isset() or property_exists() instead (/var/www/html/application/libraries/Zend/Registry.php) [206]
Error Code: 131002
Stack trace:
#0 /var/www/html/application/libraries/Zend/Registry.php(145): Zend_Registry->offsetExists('Engine/Installed')
#1 /var/www/html/install/controllers/InstallController.php(30): Zend_Registry::get('Engine/Installed')
#2 /var/www/html/application/libraries/Zend/Controller/Action.php(133): InstallController->init()
#3 /var/www/html/application/libraries/Zend/Controller/Dispatcher/Standard.php(281): Zend_Controller_Action->__construct(Zend_Controller_Request_Http, Zend_Controller_Response_Http, Array)
#4 /var/www/html/application/libraries/Zend/Controller/Front.php(954): Zend_Controller_Dispatcher_Standard->dispatch(Zend_Controller_Request_Http, Zend_Controller_Response_Http)
#5 /var/www/html/application/libraries/Zend/Application/Bootstrap/Bootstrap.php(105): Zend_Controller_Front->dispatch()
#6 /var/www/html/application/libraries/Zend/Application.php(384): Zend_Application_Bootstrap_Bootstrap->run()
#7 /var/www/html/install/index.php(92): Zend_Application->run()
#8 {main}

2020-07-06T16:26:57+00:00 WARN (4): [8192] array_key_exists(): Using array_key_exists() on objects is deprecated. Use isset() or property_exists() instead (/var/www/html/application/libraries/Zend/Registry.php) [206]
Error Code: f333e2
Stack trace:
#0 /var/www/html/application/libraries/Zend/Registry.php(183): Zend_Registry->offsetExists('Zend_View_Helper_Placeholder_Reg...')
#1 /var/www/html/application/libraries/Zend/View/Helper/Placeholder/Registry.php(67): Zend_Registry::isRegistered('Zend_View_Helper_Placeholder_Reg...')
#2 /var/www/html/application/libraries/Zend/View/Helper/Placeholder/Container/Standalone.php(69): Zend_View_Helper_Placeholder_Registry::getRegistry()
#3 /var/www/html/application/libraries/Zend/View/Abstract.php(1183): Zend_View_Helper_Placeholder_Container_Standalone->__construct()
#4 /var/www/html/application/libraries/Zend/View/Abstract.php(618): Zend_View_Abstract->_getPlugin('helper', 'HeadTitle')
#5 /var/www/html/application/libraries/Zend/View/Abstract.php(344): Zend_View_Abstract->getHelper('headTitle')
#6 /var/www/html/install/controllers/InstallController.php(43): Zend_View_Abstract->__call('headTitle', Array)
#7 /var/www/html/application/libraries/Zend/Controller/Action.php(133): InstallController->init()
#8 /var/www/html/application/libraries/Zend/Controller/Dispatcher/Standard.php(281): Zend_Controller_Action->__construct(Zend_Controller_Request_Http, Zend_Controller_Response_Http, Array)
#9 /var/www/html/application/libraries/Zend/Controller/Front.php(954): Zend_Controller_Dispatcher_Standard->dispatch(Zend_Controller_Request_Http, Zend_Controller_Response_Http)
#10 /var/www/html/application/libraries/Zend/Application/Bootstrap/Bootstrap.php(105): Zend_Controller_Front->dispatch()
#11 /var/www/html/application/libraries/Zend/Application.php(384): Zend_Application_Bootstrap_Bootstrap->run()
#12 /var/www/html/install/index.php(92): Zend_Application->run()
#13 {main}

2020-07-06T16:26:57+00:00 WARN (4): [8192] array_key_exists(): Using array_key_exists() on objects is deprecated. Use isset() or property_exists() instead (/var/www/html/application/libraries/Zend/Registry.php) [206]
Error Code: 2ef7ff
Stack trace:
#0 /var/www/html/application/libraries/Zend/Registry.php(145): Zend_Registry->offsetExists('Zend_View_Helper_Placeholder_Reg...')
#1 /var/www/html/application/libraries/Zend/View/Helper/Placeholder/Registry.php(68): Zend_Registry::get('Zend_View_Helper_Placeholder_Reg...')
#2 /var/www/html/application/libraries/Zend/View/Helper/Placeholder/Container/Standalone.php(69): Zend_View_Helper_Placeholder_Registry::getRegistry()
#3 /var/www/html/application/libraries/Zend/View/Abstract.php(1183): Zend_View_Helper_Placeholder_Container_Standalone->__construct()
#4 /var/www/html/application/libraries/Zend/View/Abstract.php(618): Zend_View_Abstract->_getPlugin('helper', 'HeadTitle')
#5 /var/www/html/application/libraries/Zend/View/Abstract.php(344): Zend_View_Abstract->getHelper('headTitle')
#6 /var/www/html/install/controllers/InstallController.php(43): Zend_View_Abstract->__call('headTitle', Array)
#7 /var/www/html/application/libraries/Zend/Controller/Action.php(133): InstallController->init()
#8 /var/www/html/application/libraries/Zend/Controller/Dispatcher/Standard.php(281): Zend_Controller_Action->__construct(Zend_Controller_Request_Http, Zend_Controller_Response_Http, Array)
#9 /var/www/html/application/libraries/Zend/Controller/Front.php(954): Zend_Controller_Dispatcher_Standard->dispatch(Zend_Controller_Request_Http, Zend_Controller_Response_Http)
#10 /var/www/html/application/libraries/Zend/Application/Bootstrap/Bootstrap.php(105): Zend_Controller_Front->dispatch()
#11 /var/www/html/application/libraries/Zend/Application.php(384): Zend_Application_Bootstrap_Bootstrap->run()
#12 /var/www/html/install/index.php(92): Zend_Application->run()
#13 {main}

2020-07-06T16:26:57+00:00 WARN (4): [2] "continue" targeting switch is equivalent to "break". Did you mean to use "continue 2"? (/var/www/html/application/libraries/Zend/Form.php) [1173]
Error Code: 9ec36c
Stack trace:
#0 /var/www/html/application/libraries/Zend/Loader.php(134): include_once()
#1 /var/www/html/application/libraries/Zend/Loader.php(82): Zend_Loader::loadFile('Zend/Form.php', , 1)
#2 /var/www/html/application/libraries/Zend/Loader/Autoloader.php(479): Zend_Loader::loadClass('Zend_Form')
#3 /var/www/html/application/libraries/Zend/Loader/Autoloader.php(124): Zend_Loader_Autoloader->_autoload('Zend_Form')
#4 (unknown file)(0): Zend_Loader_Autoloader::autoload('Zend_Form')
#5 /var/www/html/application/libraries/Engine/Form.php(18): spl_autoload_call('Zend_Form')
#6 /var/www/html/application/libraries/Zend/Loader.php(134): include_once('/var/www/html/application/librar...')
#7 /var/www/html/application/libraries/Zend/Loader.php(82): Zend_Loader::loadFile('Engine/Form.php', , 1)
#8 /var/www/html/application/libraries/Zend/Loader/Autoloader.php(479): Zend_Loader::loadClass('Engine_Form')
#9 /var/www/html/application/libraries/Zend/Loader/Autoloader.php(124): Zend_Loader_Autoloader->_autoload('Engine_Form')
#10 (unknown file)(0): Zend_Loader_Autoloader::autoload('Engine_Form')
#11 /var/www/html/install/forms/License.php(19): spl_autoload_call('Engine_Form')
#12 /var/www/html/application/libraries/Zend/Loader/Autoloader/Resource.php(201): include('/var/www/html/install/forms/Lice...')
#13 /var/www/html/application/libraries/Zend/Loader/Autoloader.php(120): Zend_Loader_Autoloader_Resource->autoload('Install_Form_License')
#14 (unknown file)(0): Zend_Loader_Autoloader::autoload('Install_Form_License')
#15 /var/www/html/install/controllers/InstallController.php(48): spl_autoload_call('Install_Form_License')
#16 /var/www/html/application/libraries/Zend/Controller/Action.php(516): InstallController->licenseAction()
#17 /var/www/html/application/libraries/Zend/Controller/Dispatcher/Standard.php(308): Zend_Controller_Action->dispatch('licenseAction')
#18 /var/www/html/application/libraries/Zend/Controller/Front.php(954): Zend_Controller_Dispatcher_Standard->dispatch(Zend_Controller_Request_Http, Zend_Controller_Response_Http)
#19 /var/www/html/application/libraries/Zend/Application/Bootstrap/Bootstrap.php(105): Zend_Controller_Front->dispatch()
#20 /var/www/html/application/libraries/Zend/Application.php(384): Zend_Application_Bootstrap_Bootstrap->run()
#21 /var/www/html/install/index.php(92): Zend_Application->run()
#22 {main}

2020-07-06T16:26:57+00:00 WARN (4): [2] "continue" targeting switch is equivalent to "break". Did you mean to use "continue 2"? (/var/www/html/application/libraries/Zend/Form.php) [1690]
Error Code: 9120b8
Stack trace:
#0 /var/www/html/application/libraries/Zend/Loader.php(134): include_once()
#1 /var/www/html/application/libraries/Zend/Loader.php(82): Zend_Loader::loadFile('Zend/Form.php', , 1)
#2 /var/www/html/application/libraries/Zend/Loader/Autoloader.php(479): Zend_Loader::loadClass('Zend_Form')
#3 /var/www/html/application/libraries/Zend/Loader/Autoloader.php(124): Zend_Loader_Autoloader->_autoload('Zend_Form')
#4 (unknown file)(0): Zend_Loader_Autoloader::autoload('Zend_Form')
#5 /var/www/html/application/libraries/Engine/Form.php(18): spl_autoload_call('Zend_Form')
#6 /var/www/html/application/libraries/Zend/Loader.php(134): include_once('/var/www/html/application/librar...')
#7 /var/www/html/application/libraries/Zend/Loader.php(82): Zend_Loader::loadFile('Engine/Form.php', , 1)
#8 /var/www/html/application/libraries/Zend/Loader/Autoloader.php(479): Zend_Loader::loadClass('Engine_Form')
#9 /var/www/html/application/libraries/Zend/Loader/Autoloader.php(124): Zend_Loader_Autoloader->_autoload('Engine_Form')
#10 (unknown file)(0): Zend_Loader_Autoloader::autoload('Engine_Form')
#11 /var/www/html/install/forms/License.php(19): spl_autoload_call('Engine_Form')
#12 /var/www/html/application/libraries/Zend/Loader/Autoloader/Resource.php(201): include('/var/www/html/install/forms/Lice...')
#13 /var/www/html/application/libraries/Zend/Loader/Autoloader.php(120): Zend_Loader_Autoloader_Resource->autoload('Install_Form_License')
#14 (unknown file)(0): Zend_Loader_Autoloader::autoload('Install_Form_License')
#15 /var/www/html/install/controllers/InstallController.php(48): spl_autoload_call('Install_Form_License')
#16 /var/www/html/application/libraries/Zend/Controller/Action.php(516): InstallController->licenseAction()
#17 /var/www/html/application/libraries/Zend/Controller/Dispatcher/Standard.php(308): Zend_Controller_Action->dispatch('licenseAction')
#18 /var/www/html/application/libraries/Zend/Controller/Front.php(954): Zend_Controller_Dispatcher_Standard->dispatch(Zend_Controller_Request_Http, Zend_Controller_Response_Http)
#19 /var/www/html/application/libraries/Zend/Application/Bootstrap/Bootstrap.php(105): Zend_Controller_Front->dispatch()
#20 /var/www/html/application/libraries/Zend/Application.php(384): Zend_Application_Bootstrap_Bootstrap->run()
#21 /var/www/html/install/index.php(92): Zend_Application->run()
#22 {main}

2020-07-06T16:26:57+00:00 WARN (4): [8192] array_key_exists(): Using array_key_exists() on objects is deprecated. Use isset() or property_exists() instead (/var/www/html/application/libraries/Zend/Registry.php) [206]
Error Code: 559f3a
Stack trace:
#0 /var/www/html/application/libraries/Zend/Registry.php(183): Zend_Registry->offsetExists('Zend_Translate')
#1 /var/www/html/application/libraries/Zend/Form.php(3104): Zend_Registry::isRegistered('Zend_Translate')
#2 /var/www/html/application/libraries/Zend/Form/Element.php(438): Zend_Form::getDefaultTranslator()
#3 /var/www/html/application/libraries/Zend/Form/Element/Multi.php(310): Zend_Form_Element->getTranslator()
#4 /var/www/html/application/libraries/Zend/Form/Element/Multi.php(285): Zend_Form_Element_Multi->_translateValue('Yes, allow information to be rep...')
#5 /var/www/html/application/libraries/Zend/Form/Element/Multi.php(108): Zend_Form_Element_Multi->_translateOption('1', 'Yes, allow information to be rep...')
#6 /var/www/html/application/libraries/Zend/Form/Element/Multi.php(130): Zend_Form_Element_Multi->addMultiOption('1', 'Yes, allow information to be rep...')
#7 /var/www/html/application/libraries/Zend/Form/Element/Multi.php(145): Zend_Form_Element_Multi->addMultiOptions(Array)
#8 /var/www/html/application/libraries/Zend/Form/Element.php(382): Zend_Form_Element_Multi->setMultiOptions(Array)
#9 /var/www/html/application/libraries/Zend/Form/Element.php(260): Zend_Form_Element->setOptions(Array)
#10 /var/www/html/application/libraries/Zend/Form.php(1134): Zend_Form_Element->__construct('statistics', Array)
#11 /var/www/html/application/libraries/Engine/Form.php(263): Zend_Form->createElement('Radio', 'statistics', Array)
#12 /var/www/html/application/libraries/Zend/Form.php(1043): Engine_Form->createElement('Radio', 'statistics', Array)
#13 /var/www/html/application/libraries/Engine/Form.php(247): Zend_Form->addElement('Radio', 'statistics', Array)
#14 /var/www/html/install/forms/License.php(51): Engine_Form->addElement('Radio', 'statistics', Array)
#15 /var/www/html/application/libraries/Zend/Form.php(239): Install_Form_License->init()
#16 /var/www/html/application/libraries/Engine/Form.php(146): Zend_Form->__construct()
#17 /var/www/html/install/controllers/InstallController.php(48): Engine_Form->__construct()
#18 /var/www/html/application/libraries/Zend/Controller/Action.php(516): InstallController->licenseAction()
#19 /var/www/html/application/libraries/Zend/Controller/Dispatcher/Standard.php(308): Zend_Controller_Action->dispatch('licenseAction')
#20 /var/www/html/application/libraries/Zend/Controller/Front.php(954): Zend_Controller_Dispatcher_Standard->dispatch(Zend_Controller_Request_Http, Zend_Controller_Response_Http)
#21 /var/www/html/application/libraries/Zend/Application/Bootstrap/Bootstrap.php(105): Zend_Controller_Front->dispatch()
#22 /var/www/html/application/libraries/Zend/Application.php(384): Zend_Application_Bootstrap_Bootstrap->run()
#23 /var/www/html/install/index.php(92): Zend_Application->run()
#24 {main}

2020-07-06T16:26:57+00:00 WARN (4): [8192] array_key_exists(): Using array_key_exists() on objects is deprecated. Use isset() or property_exists() instead (/var/www/html/application/libraries/Zend/Registry.php) [206]
Error Code: 118e24
Stack trace:
#0 /var/www/html/application/libraries/Zend/Registry.php(145): Zend_Registry->offsetExists('Zend_Translate')
#1 /var/www/html/application/libraries/Zend/Form.php(3105): Zend_Registry::get('Zend_Translate')
#2 /var/www/html/application/libraries/Zend/Form/Element.php(438): Zend_Form::getDefaultTranslator()
#3 /var/www/html/application/libraries/Zend/Form/Element/Multi.php(310): Zend_Form_Element->getTranslator()
#4 /var/www/html/application/libraries/Zend/Form/Element/Multi.php(285): Zend_Form_Element_Multi->_translateValue('Yes, allow information to be rep...')
#5 /var/www/html/application/libraries/Zend/Form/Element/Multi.php(108): Zend_Form_Element_Multi->_translateOption('1', 'Yes, allow information to be rep...')
#6 /var/www/html/application/libraries/Zend/Form/Element/Multi.php(130): Zend_Form_Element_Multi->addMultiOption('1', 'Yes, allow information to be rep...')
#7 /var/www/html/application/libraries/Zend/Form/Element/Multi.php(145): Zend_Form_Element_Multi->addMultiOptions(Array)
#8 /var/www/html/application/libraries/Zend/Form/Element.php(382): Zend_Form_Element_Multi->setMultiOptions(Array)
#9 /var/www/html/application/libraries/Zend/Form/Element.php(260): Zend_Form_Element->setOptions(Array)
#10 /var/www/html/application/libraries/Zend/Form.php(1134): Zend_Form_Element->__construct('statistics', Array)
#11 /var/www/html/application/libraries/Engine/Form.php(263): Zend_Form->createElement('Radio', 'statistics', Array)
#12 /var/www/html/application/libraries/Zend/Form.php(1043): Engine_Form->createElement('Radio', 'statistics', Array)
#13 /var/www/html/application/libraries/Engine/Form.php(247): Zend_Form->addElement('Radio', 'statistics', Array)
#14 /var/www/html/install/forms/License.php(51): Engine_Form->addElement('Radio', 'statistics', Array)
#15 /var/www/html/application/libraries/Zend/Form.php(239): Install_Form_License->init()
#16 /var/www/html/application/libraries/Engine/Form.php(146): Zend_Form->__construct()
#17 /var/www/html/install/controllers/InstallController.php(48): Engine_Form->__construct()
#18 /var/www/html/application/libraries/Zend/Controller/Action.php(516): InstallController->licenseAction()
#19 /var/www/html/application/libraries/Zend/Controller/Dispatcher/Standard.php(308): Zend_Controller_Action->dispatch('licenseAction')
#20 /var/www/html/application/libraries/Zend/Controller/Front.php(954): Zend_Controller_Dispatcher_Standard->dispatch(Zend_Controller_Request_Http, Zend_Controller_Response_Http)
#21 /var/www/html/application/libraries/Zend/Application/Bootstrap/Bootstrap.php(105): Zend_Controller_Front->dispatch()
#22 /var/www/html/application/libraries/Zend/Application.php(384): Zend_Application_Bootstrap_Bootstrap->run()
#23 /var/www/html/install/index.php(92): Zend_Application->run()
#24 {main}

2020-07-06T16:26:57+00:00 WARN (4): [8192] array_key_exists(): Using array_key_exists() on objects is deprecated. Use isset() or property_exists() instead (/var/www/html/application/libraries/Zend/Registry.php) [206]
Error Code: 301164
Stack trace:
#0 /var/www/html/application/libraries/Zend/Registry.php(183): Zend_Registry->offsetExists('Zend_Translate')
#1 /var/www/html/application/libraries/Zend/Form.php(3104): Zend_Registry::isRegistered('Zend_Translate')
#2 /var/www/html/application/libraries/Zend/Form/Element.php(438): Zend_Form::getDefaultTranslator()
#3 /var/www/html/application/libraries/Zend/Form/Element/Multi.php(310): Zend_Form_Element->getTranslator()
#4 /var/www/html/application/libraries/Zend/Form/Element/Multi.php(285): Zend_Form_Element_Multi->_translateValue('No, do not allow information to ...')
#5 /var/www/html/application/libraries/Zend/Form/Element/Multi.php(108): Zend_Form_Element_Multi->_translateOption('0', 'No, do not allow information to ...')
#6 /var/www/html/application/libraries/Zend/Form/Element/Multi.php(130): Zend_Form_Element_Multi->addMultiOption('0', 'No, do not allow information to ...')
#7 /var/www/html/application/libraries/Zend/Form/Element/Multi.php(145): Zend_Form_Element_Multi->addMultiOptions(Array)
#8 /var/www/html/application/libraries/Zend/Form/Element.php(382): Zend_Form_Element_Multi->setMultiOptions(Array)
#9 /var/www/html/application/libraries/Zend/Form/Element.php(260): Zend_Form_Element->setOptions(Array)
#10 /var/www/html/application/libraries/Zend/Form.php(1134): Zend_Form_Element->__construct('statistics', Array)
#11 /var/www/html/application/libraries/Engine/Form.php(263): Zend_Form->createElement('Radio', 'statistics', Array)
#12 /var/www/html/application/libraries/Zend/Form.php(1043): Engine_Form->createElement('Radio', 'statistics', Array)
#13 /var/www/html/application/libraries/Engine/Form.php(247): Zend_Form->addElement('Radio', 'statistics', Array)
#14 /var/www/html/install/forms/License.php(51): Engine_Form->addElement('Radio', 'statistics', Array)
#15 /var/www/html/application/libraries/Zend/Form.php(239): Install_Form_License->init()
#16 /var/www/html/application/libraries/Engine/Form.php(146): Zend_Form->__construct()
#17 /var/www/html/install/controllers/InstallController.php(48): Engine_Form->__construct()
#18 /var/www/html/application/libraries/Zend/Controller/Action.php(516): InstallController->licenseAction()
#19 /var/www/html/application/libraries/Zend/Controller/Dispatcher/Standard.php(308): Zend_Controller_Action->dispatch('licenseAction')
#20 /var/www/html/application/libraries/Zend/Controller/Front.php(954): Zend_Controller_Dispatcher_Standard->dispatch(Zend_Controller_Request_Http, Zend_Controller_Response_Http)
#21 /var/www/html/application/libraries/Zend/Application/Bootstrap/Bootstrap.php(105): Zend_Controller_Front->dispatch()
#22 /var/www/html/application/libraries/Zend/Application.php(384): Zend_Application_Bootstrap_Bootstrap->run()
#23 /var/www/html/install/index.php(92): Zend_Application->run()
#24 {main}

2020-07-06T16:26:57+00:00 WARN (4): [8192] array_key_exists(): Using array_key_exists() on objects is deprecated. Use isset() or property_exists() instead (/var/www/html/application/libraries/Zend/Registry.php) [206]
Error Code: 97cfd9
Stack trace:
#0 /var/www/html/application/libraries/Zend/Registry.php(145): Zend_Registry->offsetExists('Zend_Translate')
#1 /var/www/html/application/libraries/Zend/Form.php(3105): Zend_Registry::get('Zend_Translate')
#2 /var/www/html/application/libraries/Zend/Form/Element.php(438): Zend_Form::getDefaultTranslator()
#3 /var/www/html/application/libraries/Zend/Form/Element/Multi.php(310): Zend_Form_Element->getTranslator()
#4 /var/www/html/application/libraries/Zend/Form/Element/Multi.php(285): Zend_Form_Element_Multi->_translateValue('No, do not allow information to ...')
#5 /var/www/html/application/libraries/Zend/Form/Element/Multi.php(108): Zend_Form_Element_Multi->_translateOption('0', 'No, do not allow information to ...')
#6 /var/www/html/application/libraries/Zend/Form/Element/Multi.php(130): Zend_Form_Element_Multi->addMultiOption('0', 'No, do not allow information to ...')
#7 /var/www/html/application/libraries/Zend/Form/Element/Multi.php(145): Zend_Form_Element_Multi->addMultiOptions(Array)
#8 /var/www/html/application/libraries/Zend/Form/Element.php(382): Zend_Form_Element_Multi->setMultiOptions(Array)
#9 /var/www/html/application/libraries/Zend/Form/Element.php(260): Zend_Form_Element->setOptions(Array)
#10 /var/www/html/application/libraries/Zend/Form.php(1134): Zend_Form_Element->__construct('statistics', Array)
#11 /var/www/html/application/libraries/Engine/Form.php(263): Zend_Form->createElement('Radio', 'statistics', Array)
#12 /var/www/html/application/libraries/Zend/Form.php(1043): Engine_Form->createElement('Radio', 'statistics', Array)
#13 /var/www/html/application/libraries/Engine/Form.php(247): Zend_Form->addElement('Radio', 'statistics', Array)
#14 /var/www/html/install/forms/License.php(51): Engine_Form->addElement('Radio', 'statistics', Array)
#15 /var/www/html/application/libraries/Zend/Form.php(239): Install_Form_License->init()
#16 /var/www/html/application/libraries/Engine/Form.php(146): Zend_Form->__construct()
#17 /var/www/html/install/controllers/InstallController.php(48): Engine_Form->__construct()
#18 /var/www/html/application/libraries/Zend/Controller/Action.php(516): InstallController->licenseAction()
#19 /var/www/html/application/libraries/Zend/Controller/Dispatcher/Standard.php(308): Zend_Controller_Action->dispatch('licenseAction')
#20 /var/www/html/application/libraries/Zend/Controller/Front.php(954): Zend_Controller_Dispatcher_Standard->dispatch(Zend_Controller_Request_Http, Zend_Controller_Response_Http)
#21 /var/www/html/application/libraries/Zend/Application/Bootstrap/Bootstrap.php(105): Zend_Controller_Front->dispatch()
#22 /var/www/html/application/libraries/Zend/Application.php(384): Zend_Application_Bootstrap_Bootstrap->run()
#23 /var/www/html/install/index.php(92): Zend_Application->run()
#24 {main}

2020-07-06T16:26:58+00:00 WARN (4): [8192] array_key_exists(): Using array_key_exists() on objects is deprecated. Use isset() or property_exists() instead (/var/www/html/application/libraries/Zend/Registry.php) [206]
Error Code: f9fa85
Stack trace:
#0 /var/www/html/application/libraries/Zend/Registry.php(183): Zend_Registry->offsetExists('Zend_Translate')
#1 /var/www/html/application/libraries/Zend/View/Helper/Translate.php(133): Zend_Registry::isRegistered('Zend_Translate')
#2 /var/www/html/application/libraries/Zend/View/Helper/Translate.php(74): Zend_View_Helper_Translate->getTranslator()
#3 /var/www/html/application/libraries/Zend/View/Abstract.php(349): Zend_View_Helper_Translate->translate('Step %1$s', 1)
#4 /var/www/html/install/views/scripts/install/license.tpl(14): Zend_View_Abstract->__call('translate', Array)
#5 /var/www/html/application/libraries/Zend/View.php(157): include('/var/www/html/install/views/scri...')
#6 /var/www/html/application/libraries/Zend/View/Abstract.php(888): Zend_View->_run('/var/www/html/install/views/scri...')
#7 /var/www/html/application/libraries/Zend/Controller/Action/Helper/ViewRenderer.php(912): Zend_View_Abstract->render()
#8 /var/www/html/application/libraries/Zend/Controller/Action/Helper/ViewRenderer.php(933): Zend_Controller_Action_Helper_ViewRenderer->renderScript('install/license.tpl', )
#9 /var/www/html/application/libraries/Zend/Controller/Action/Helper/ViewRenderer.php(972): Zend_Controller_Action_Helper_ViewRenderer->render()
#10 /var/www/html/application/libraries/Zend/Controller/Action/HelperBroker.php(277): Zend_Controller_Action_Helper_ViewRenderer->postDispatch()
#11 /var/www/html/application/libraries/Zend/Controller/Action.php(527): Zend_Controller_Action_HelperBroker->notifyPostDispatch()
#12 /var/www/html/application/libraries/Zend/Controller/Dispatcher/Standard.php(308): Zend_Controller_Action->dispatch('licenseAction')
#13 /var/www/html/application/libraries/Zend/Controller/Front.php(954): Zend_Controller_Dispatcher_Standard->dispatch(Zend_Controller_Request_Http, Zend_Controller_Response_Http)
#14 /var/www/html/application/libraries/Zend/Application/Bootstrap/Bootstrap.php(105): Zend_Controller_Front->dispatch()
#15 /var/www/html/application/libraries/Zend/Application.php(384): Zend_Application_Bootstrap_Bootstrap->run()
#16 /var/www/html/install/index.php(92): Zend_Application->run()
#17 {main}

2020-07-06T16:26:58+00:00 WARN (4): [8192] array_key_exists(): Using array_key_exists() on objects is deprecated. Use isset() or property_exists() instead (/var/www/html/application/libraries/Zend/Registry.php) [206]
Error Code: 0d2b55
Stack trace:
#0 /var/www/html/application/libraries/Zend/Registry.php(145): Zend_Registry->offsetExists('Zend_Translate')
#1 /var/www/html/application/libraries/Zend/View/Helper/Translate.php(134): Zend_Registry::get('Zend_Translate')
#2 /var/www/html/application/libraries/Zend/View/Helper/Translate.php(74): Zend_View_Helper_Translate->getTranslator()
#3 /var/www/html/application/libraries/Zend/View/Abstract.php(349): Zend_View_Helper_Translate->translate('Step %1$s', 1)
#4 /var/www/html/install/views/scripts/install/license.tpl(14): Zend_View_Abstract->__call('translate', Array)
#5 /var/www/html/application/libraries/Zend/View.php(157): include('/var/www/html/install/views/scri...')
#6 /var/www/html/application/libraries/Zend/View/Abstract.php(888): Zend_View->_run('/var/www/html/install/views/scri...')
#7 /var/www/html/application/libraries/Zend/Controller/Action/Helper/ViewRenderer.php(912): Zend_View_Abstract->render()
#8 /var/www/html/application/libraries/Zend/Controller/Action/Helper/ViewRenderer.php(933): Zend_Controller_Action_Helper_ViewRenderer->renderScript('install/license.tpl', )
#9 /var/www/html/application/libraries/Zend/Controller/Action/Helper/ViewRenderer.php(972): Zend_Controller_Action_Helper_ViewRenderer->render()
#10 /var/www/html/application/libraries/Zend/Controller/Action/HelperBroker.php(277): Zend_Controller_Action_Helper_ViewRenderer->postDispatch()
#11 /var/www/html/application/libraries/Zend/Controller/Action.php(527): Zend_Controller_Action_HelperBroker->notifyPostDispatch()
#12 /var/www/html/application/libraries/Zend/Controller/Dispatcher/Standard.php(308): Zend_Controller_Action->dispatch('licenseAction')
#13 /var/www/html/application/libraries/Zend/Controller/Front.php(954): Zend_Controller_Dispatcher_Standard->dispatch(Zend_Controller_Request_Http, Zend_Controller_Response_Http)
#14 /var/www/html/application/libraries/Zend/Application/Bootstrap/Bootstrap.php(105): Zend_Controller_Front->dispatch()
#15 /var/www/html/application/libraries/Zend/Application.php(384): Zend_Application_Bootstrap_Bootstrap->run()
#16 /var/www/html/install/index.php(92): Zend_Application->run()
#17 {main}

2020-07-06T16:26:58+00:00 WARN (4): [8192] array_key_exists(): Using array_key_exists() on objects is deprecated. Use isset() or property_exists() instead (/var/www/html/application/libraries/Zend/Registry.php) [206]
Error Code: 5e2eea
Stack trace:
#0 /var/www/html/application/libraries/Zend/Registry.php(183): Zend_Registry->offsetExists('Zend_Translate')
#1 /var/www/html/application/libraries/Zend/Form.php(3104): Zend_Registry::isRegistered('Zend_Translate')
#2 /var/www/html/application/libraries/Zend/Form.php(3079): Zend_Form::getDefaultTranslator()
#3 /var/www/html/application/libraries/Zend/Form/Decorator/FormElements.php(81): Zend_Form->getTranslator()
#4 /var/www/html/application/libraries/Zend/Form.php(2994): Zend_Form_Decorator_FormElements->render('')
#5 /var/www/html/install/views/scripts/install/license.tpl(31): Zend_Form->render(Zend_View)
#6 /var/www/html/application/libraries/Zend/View.php(157): include('/var/www/html/install/views/scri...')
#7 /var/www/html/application/libraries/Zend/View/Abstract.php(888): Zend_View->_run('/var/www/html/install/views/scri...')
#8 /var/www/html/application/libraries/Zend/Controller/Action/Helper/ViewRenderer.php(912): Zend_View_Abstract->render()
#9 /var/www/html/application/libraries/Zend/Controller/Action/Helper/ViewRenderer.php(933): Zend_Controller_Action_Helper_ViewRenderer->renderScript('install/license.tpl', )
#10 /var/www/html/application/libraries/Zend/Controller/Action/Helper/ViewRenderer.php(972): Zend_Controller_Action_Helper_ViewRenderer->render()
#11 /var/www/html/application/libraries/Zend/Controller/Action/HelperBroker.php(277): Zend_Controller_Action_Helper_ViewRenderer->postDispatch()
#12 /var/www/html/application/libraries/Zend/Controller/Action.php(527): Zend_Controller_Action_HelperBroker->notifyPostDispatch()
#13 /var/www/html/application/libraries/Zend/Controller/Dispatcher/Standard.php(308): Zend_Controller_Action->dispatch('licenseAction')
#14 /var/www/html/application/libraries/Zend/Controller/Front.php(954): Zend_Controller_Dispatcher_Standard->dispatch(Zend_Controller_Request_Http, Zend_Controller_Response_Http)
#15 /var/www/html/application/libraries/Zend/Application/Bootstrap/Bootstrap.php(105): Zend_Controller_Front->dispatch()
#16 /var/www/html/application/libraries/Zend/Application.php(384): Zend_Application_Bootstrap_Bootstrap->run()
#17 /var/www/html/install/index.php(92): Zend_Application->run()
#18 {main}

2020-07-06T16:26:58+00:00 WARN (4): [8192] array_key_exists(): Using array_key_exists() on objects is deprecated. Use isset() or property_exists() instead (/var/www/html/application/libraries/Zend/Registry.php) [206]
Error Code: 3ba2f9
Stack trace:
#0 /var/www/html/application/libraries/Zend/Registry.php(145): Zend_Registry->offsetExists('Zend_Translate')
#1 /var/www/html/application/libraries/Zend/Form.php(3105): Zend_Registry::get('Zend_Translate')
#2 /var/www/html/application/libraries/Zend/Form.php(3079): Zend_Form::getDefaultTranslator()
#3 /var/www/html/application/libraries/Zend/Form/Decorator/FormElements.php(81): Zend_Form->getTranslator()
#4 /var/www/html/application/libraries/Zend/Form.php(2994): Zend_Form_Decorator_FormElements->render('')
#5 /var/www/html/install/views/scripts/install/license.tpl(31): Zend_Form->render(Zend_View)
#6 /var/www/html/application/libraries/Zend/View.php(157): include('/var/www/html/install/views/scri...')
#7 /var/www/html/application/libraries/Zend/View/Abstract.php(888): Zend_View->_run('/var/www/html/install/views/scri...')
#8 /var/www/html/application/libraries/Zend/Controller/Action/Helper/ViewRenderer.php(912): Zend_View_Abstract->render()
#9 /var/www/html/application/libraries/Zend/Controller/Action/Helper/ViewRenderer.php(933): Zend_Controller_Action_Helper_ViewRenderer->renderScript('install/license.tpl', )
#10 /var/www/html/application/libraries/Zend/Controller/Action/Helper/ViewRenderer.php(972): Zend_Controller_Action_Helper_ViewRenderer->render()
#11 /var/www/html/application/libraries/Zend/Controller/Action/HelperBroker.php(277): Zend_Controller_Action_Helper_ViewRenderer->postDispatch()
#12 /var/www/html/application/libraries/Zend/Controller/Action.php(527): Zend_Controller_Action_HelperBroker->notifyPostDispatch()
#13 /var/www/html/application/libraries/Zend/Controller/Dispatcher/Standard.php(308): Zend_Controller_Action->dispatch('licenseAction')
#14 /var/www/html/application/libraries/Zend/Controller/Front.php(954): Zend_Controller_Dispatcher_Standard->dispatch(Zend_Controller_Request_Http, Zend_Controller_Response_Http)
#15 /var/www/html/application/libraries/Zend/Application/Bootstrap/Bootstrap.php(105): Zend_Controller_Front->dispatch()
#16 /var/www/html/application/libraries/Zend/Application.php(384): Zend_Application_Bootstrap_Bootstrap->run()
#17 /var/www/html/install/index.php(92): Zend_Application->run()
#18 {main}

2020-07-06T16:26:58+00:00 WARN (4): [8192] array_key_exists(): Using array_key_exists() on objects is deprecated. Use isset() or property_exists() instead (/var/www/html/application/libraries/Zend/Registry.php) [206]
Error Code: 9e5a8b
Stack trace:
#0 /var/www/html/application/libraries/Zend/Registry.php(183): Zend_Registry->offsetExists('Zend_View_Helper_Doctype')
#1 /var/www/html/application/libraries/Zend/View/Helper/Doctype.php(85): Zend_Registry::isRegistered('Zend_View_Helper_Doctype')
#2 /var/www/html/application/libraries/Zend/View/Abstract.php(1183): Zend_View_Helper_Doctype->__construct()
#3 /var/www/html/application/libraries/Zend/View/Abstract.php(618): Zend_View_Abstract->_getPlugin('helper', 'Doctype')
#4 /var/www/html/application/libraries/Zend/View/Abstract.php(344): Zend_View_Abstract->getHelper('doctype')
#5 /var/www/html/application/libraries/Engine/View/Helper/FormText.php(77): Zend_View_Abstract->__call('doctype', Array)
#6 /var/www/html/application/libraries/Zend/View/Abstract.php(349): Engine_View_Helper_FormText->formText('key', , Array, )
#7 /var/www/html/application/libraries/Zend/Form/Decorator/ViewHelper.php(256): Zend_View_Abstract->__call('formText', Array)
#8 /var/www/html/application/libraries/Zend/Form/Element.php(2071): Zend_Form_Decorator_ViewHelper->render('')
#9 /var/www/html/application/libraries/Zend/Form/Decorator/FormElements.php(116): Zend_Form_Element->render()
#10 /var/www/html/application/libraries/Zend/Form.php(2994): Zend_Form_Decorator_FormElements->render('')
#11 /var/www/html/install/views/scripts/install/license.tpl(31): Zend_Form->render(Zend_View)
#12 /var/www/html/application/libraries/Zend/View.php(157): include('/var/www/html/install/views/scri...')
#13 /var/www/html/application/libraries/Zend/View/Abstract.php(888): Zend_View->_run('/var/www/html/install/views/scri...')
#14 /var/www/html/application/libraries/Zend/Controller/Action/Helper/ViewRenderer.php(912): Zend_View_Abstract->render()
#15 /var/www/html/application/libraries/Zend/Controller/Action/Helper/ViewRenderer.php(933): Zend_Controller_Action_Helper_ViewRenderer->renderScript('install/license.tpl', )
#16 /var/www/html/application/libraries/Zend/Controller/Action/Helper/ViewRenderer.php(972): Zend_Controller_Action_Helper_ViewRenderer->render()
#17 /var/www/html/application/libraries/Zend/Controller/Action/HelperBroker.php(277): Zend_Controller_Action_Helper_ViewRenderer->postDispatch()
#18 /var/www/html/application/libraries/Zend/Controller/Action.php(527): Zend_Controller_Action_HelperBroker->notifyPostDispatch()
#19 /var/www/html/application/libraries/Zend/Controller/Dispatcher/Standard.php(308): Zend_Controller_Action->dispatch('licenseAction')
#20 /var/www/html/application/libraries/Zend/Controller/Front.php(954): Zend_Controller_Dispatcher_Standard->dispatch(Zend_Controller_Request_Http, Zend_Controller_Response_Http)
#21 /var/www/html/application/libraries/Zend/Application/Bootstrap/Bootstrap.php(105): Zend_Controller_Front->dispatch()
#22 /var/www/html/application/libraries/Zend/Application.php(384): Zend_Application_Bootstrap_Bootstrap->run()
#23 /var/www/html/install/index.php(92): Zend_Application->run()
#24 {main}

2020-07-06T16:26:58+00:00 WARN (4): [8192] array_key_exists(): Using array_key_exists() on objects is deprecated. Use isset() or property_exists() instead (/var/www/html/application/libraries/Zend/Registry.php) [206]
Error Code: e31071
Stack trace:
#0 /var/www/html/application/libraries/Zend/Registry.php(183): Zend_Registry->offsetExists('Zend_Translate')
#1 /var/www/html/application/libraries/Zend/Form.php(3104): Zend_Registry::isRegistered('Zend_Translate')
#2 /var/www/html/application/libraries/Zend/Form.php(3079): Zend_Form::getDefaultTranslator()
#3 /var/www/html/application/libraries/Zend/Form.php(3490): Zend_Form->getTranslator()
#4 /var/www/html/application/libraries/Zend/Form.php(2618): Zend_Form->_getErrorMessages()
#5 /var/www/html/application/libraries/Engine/Form/Decorator/FormErrors.php(404): Zend_Form->getMessages()
#6 /var/www/html/application/libraries/Engine/Form/Decorator/FormErrors.php(68): Engine_Form_Decorator_FormErrors->_recurseForm(Install_Form_License, Zend_View)
#7 /var/www/html/application/libraries/Zend/Form.php(2994): Engine_Form_Decorator_FormErrors->render('<div class="form-elements">
<div...')
#8 /var/www/html/install/views/scripts/install/license.tpl(31): Zend_Form->render(Zend_View)
#9 /var/www/html/application/libraries/Zend/View.php(157): include('/var/www/html/install/views/scri...')
#10 /var/www/html/application/libraries/Zend/View/Abstract.php(888): Zend_View->_run('/var/www/html/install/views/scri...')
#11 /var/www/html/application/libraries/Zend/Controller/Action/Helper/ViewRenderer.php(912): Zend_View_Abstract->render()
#12 /var/www/html/application/libraries/Zend/Controller/Action/Helper/ViewRenderer.php(933): Zend_Controller_Action_Helper_ViewRenderer->renderScript('install/license.tpl', )
#13 /var/www/html/application/libraries/Zend/Controller/Action/Helper/ViewRenderer.php(972): Zend_Controller_Action_Helper_ViewRenderer->render()
#14 /var/www/html/application/libraries/Zend/Controller/Action/HelperBroker.php(277): Zend_Controller_Action_Helper_ViewRenderer->postDispatch()
#15 /var/www/html/application/libraries/Zend/Controller/Action.php(527): Zend_Controller_Action_HelperBroker->notifyPostDispatch()
#16 /var/www/html/application/libraries/Zend/Controller/Dispatcher/Standard.php(308): Zend_Controller_Action->dispatch('licenseAction')
#17 /var/www/html/application/libraries/Zend/Controller/Front.php(954): Zend_Controller_Dispatcher_Standard->dispatch(Zend_Controller_Request_Http, Zend_Controller_Response_Http)
#18 /var/www/html/application/libraries/Zend/Application/Bootstrap/Bootstrap.php(105): Zend_Controller_Front->dispatch()
#19 /var/www/html/application/libraries/Zend/Application.php(384): Zend_Application_Bootstrap_Bootstrap->run()
#20 /var/www/html/install/index.php(92): Zend_Application->run()
#21 {main}

2020-07-06T16:26:58+00:00 WARN (4): [8192] array_key_exists(): Using array_key_exists() on objects is deprecated. Use isset() or property_exists() instead (/var/www/html/application/libraries/Zend/Registry.php) [206]
Error Code: eaf93a
Stack trace:
#0 /var/www/html/application/libraries/Zend/Registry.php(145): Zend_Registry->offsetExists('Zend_Translate')
#1 /var/www/html/application/libraries/Zend/Form.php(3105): Zend_Registry::get('Zend_Translate')
#2 /var/www/html/application/libraries/Zend/Form.php(3079): Zend_Form::getDefaultTranslator()
#3 /var/www/html/application/libraries/Zend/Form.php(3490): Zend_Form->getTranslator()
#4 /var/www/html/application/libraries/Zend/Form.php(2618): Zend_Form->_getErrorMessages()
#5 /var/www/html/application/libraries/Engine/Form/Decorator/FormErrors.php(404): Zend_Form->getMessages()
#6 /var/www/html/application/libraries/Engine/Form/Decorator/FormErrors.php(68): Engine_Form_Decorator_FormErrors->_recurseForm(Install_Form_License, Zend_View)
#7 /var/www/html/application/libraries/Zend/Form.php(2994): Engine_Form_Decorator_FormErrors->render('<div class="form-elements">
<div...')
#8 /var/www/html/install/views/scripts/install/license.tpl(31): Zend_Form->render(Zend_View)
#9 /var/www/html/application/libraries/Zend/View.php(157): include('/var/www/html/install/views/scri...')
#10 /var/www/html/application/libraries/Zend/View/Abstract.php(888): Zend_View->_run('/var/www/html/install/views/scri...')
#11 /var/www/html/application/libraries/Zend/Controller/Action/Helper/ViewRenderer.php(912): Zend_View_Abstract->render()
#12 /var/www/html/application/libraries/Zend/Controller/Action/Helper/ViewRenderer.php(933): Zend_Controller_Action_Helper_ViewRenderer->renderScript('install/license.tpl', )
#13 /var/www/html/application/libraries/Zend/Controller/Action/Helper/ViewRenderer.php(972): Zend_Controller_Action_Helper_ViewRenderer->render()
#14 /var/www/html/application/libraries/Zend/Controller/Action/HelperBroker.php(277): Zend_Controller_Action_Helper_ViewRenderer->postDispatch()
#15 /var/www/html/application/libraries/Zend/Controller/Action.php(527): Zend_Controller_Action_HelperBroker->notifyPostDispatch()
#16 /var/www/html/application/libraries/Zend/Controller/Dispatcher/Standard.php(308): Zend_Controller_Action->dispatch('licenseAction')
#17 /var/www/html/application/libraries/Zend/Controller/Front.php(954): Zend_Controller_Dispatcher_Standard->dispatch(Zend_Controller_Request_Http, Zend_Controller_Response_Http)
#18 /var/www/html/application/libraries/Zend/Application/Bootstrap/Bootstrap.php(105): Zend_Controller_Front->dispatch()
#19 /var/www/html/application/libraries/Zend/Application.php(384): Zend_Application_Bootstrap_Bootstrap->run()
#20 /var/www/html/install/index.php(92): Zend_Application->run()
#21 {main}

2020-07-06T16:26:59+00:00 WARN (4): [8192] array_key_exists(): Using array_key_exists() on objects is deprecated. Use isset() or property_exists() instead (/var/www/html/application/libraries/Zend/Registry.php) [206]
Error Code: b6b1e9
Stack trace:
#0 /var/www/html/application/libraries/Zend/Registry.php(183): Zend_Registry->offsetExists('Zend_View_Helper_Placeholder_Reg...')
#1 /var/www/html/application/libraries/Zend/View/Helper/Placeholder/Registry.php(67): Zend_Registry::isRegistered('Zend_View_Helper_Placeholder_Reg...')
#2 /var/www/html/application/libraries/Zend/View/Helper/Placeholder/Container/Standalone.php(69): Zend_View_Helper_Placeholder_Registry::getRegistry()
#3 /var/www/html/application/libraries/Zend/View/Helper/HeadMeta.php(73): Zend_View_Helper_Placeholder_Container_Standalone->__construct()
#4 /var/www/html/application/libraries/Zend/View/Abstract.php(1183): Zend_View_Helper_HeadMeta->__construct()
#5 /var/www/html/application/libraries/Zend/View/Abstract.php(618): Zend_View_Abstract->_getPlugin('helper', 'HeadMeta')
#6 /var/www/html/application/libraries/Zend/View/Abstract.php(344): Zend_View_Abstract->getHelper('headMeta')
#7 /var/www/html/install/layouts/scripts/default.tpl(21): Zend_View_Abstract->__call('headMeta', Array)
#8 /var/www/html/application/libraries/Zend/View.php(157): include('/var/www/html/install/layouts/sc...')
#9 /var/www/html/application/libraries/Zend/View/Abstract.php(888): Zend_View->_run('/var/www/html/install/layouts/sc...')
#10 /var/www/html/application/libraries/Zend/Layout.php(796): Zend_View_Abstract->render()
#11 /var/www/html/application/libraries/Zend/Layout/Controller/Plugin/Layout.php(143): Zend_Layout->render()
#12 /var/www/html/application/libraries/Zend/Controller/Plugin/Broker.php(333): Zend_Layout_Controller_Plugin_Layout->postDispatch(Zend_Controller_Request_Http)
#13 /var/www/html/application/libraries/Zend/Controller/Front.php(965): Zend_Controller_Plugin_Broker->postDispatch(Zend_Controller_Request_Http)
#14 /var/www/html/application/libraries/Zend/Application/Bootstrap/Bootstrap.php(105): Zend_Controller_Front->dispatch()
#15 /var/www/html/application/libraries/Zend/Application.php(384): Zend_Application_Bootstrap_Bootstrap->run()
#16 /var/www/html/install/index.php(92): Zend_Application->run()
#17 {main}

2020-07-06T16:26:59+00:00 WARN (4): [8192] array_key_exists(): Using array_key_exists() on objects is deprecated. Use isset() or property_exists() instead (/var/www/html/application/libraries/Zend/Registry.php) [206]
Error Code: d6a7c1
Stack trace:
#0 /var/www/html/application/libraries/Zend/Registry.php(145): Zend_Registry->offsetExists('Zend_View_Helper_Placeholder_Reg...')
#1 /var/www/html/application/libraries/Zend/View/Helper/Placeholder/Registry.php(68): Zend_Registry::get('Zend_View_Helper_Placeholder_Reg...')
#2 /var/www/html/application/libraries/Zend/View/Helper/Placeholder/Container/Standalone.php(69): Zend_View_Helper_Placeholder_Registry::getRegistry()
#3 /var/www/html/application/libraries/Zend/View/Helper/HeadMeta.php(73): Zend_View_Helper_Placeholder_Container_Standalone->__construct()
#4 /var/www/html/application/libraries/Zend/View/Abstract.php(1183): Zend_View_Helper_HeadMeta->__construct()
#5 /var/www/html/application/libraries/Zend/View/Abstract.php(618): Zend_View_Abstract->_getPlugin('helper', 'HeadMeta')
#6 /var/www/html/application/libraries/Zend/View/Abstract.php(344): Zend_View_Abstract->getHelper('headMeta')
#7 /var/www/html/install/layouts/scripts/default.tpl(21): Zend_View_Abstract->__call('headMeta', Array)
#8 /var/www/html/application/libraries/Zend/View.php(157): include('/var/www/html/install/layouts/sc...')
#9 /var/www/html/application/libraries/Zend/View/Abstract.php(888): Zend_View->_run('/var/www/html/install/layouts/sc...')
#10 /var/www/html/application/libraries/Zend/Layout.php(796): Zend_View_Abstract->render()
#11 /var/www/html/application/libraries/Zend/Layout/Controller/Plugin/Layout.php(143): Zend_Layout->render()
#12 /var/www/html/application/libraries/Zend/Controller/Plugin/Broker.php(333): Zend_Layout_Controller_Plugin_Layout->postDispatch(Zend_Controller_Request_Http)
#13 /var/www/html/application/libraries/Zend/Controller/Front.php(965): Zend_Controller_Plugin_Broker->postDispatch(Zend_Controller_Request_Http)
#14 /var/www/html/application/libraries/Zend/Application/Bootstrap/Bootstrap.php(105): Zend_Controller_Front->dispatch()
#15 /var/www/html/application/libraries/Zend/Application.php(384): Zend_Application_Bootstrap_Bootstrap->run()
#16 /var/www/html/install/index.php(92): Zend_Application->run()
#17 {main}

2020-07-06T16:26:59+00:00 WARN (4): [8192] array_key_exists(): Using array_key_exists() on objects is deprecated. Use isset() or property_exists() instead (/var/www/html/application/libraries/Zend/Registry.php) [206]
Error Code: 15cd26
Stack trace:
#0 /var/www/html/application/libraries/Zend/Registry.php(183): Zend_Registry->offsetExists('Zend_View_Helper_Placeholder_Reg...')
#1 /var/www/html/application/libraries/Zend/View/Helper/Placeholder/Registry.php(67): Zend_Registry::isRegistered('Zend_View_Helper_Placeholder_Reg...')
#2 /var/www/html/application/libraries/Zend/View/Helper/Placeholder/Container/Standalone.php(69): Zend_View_Helper_Placeholder_Registry::getRegistry()
#3 /var/www/html/application/libraries/Zend/View/Helper/HeadLink.php(79): Zend_View_Helper_Placeholder_Container_Standalone->__construct()
#4 /var/www/html/application/libraries/Zend/View/Abstract.php(1183): Zend_View_Helper_HeadLink->__construct()
#5 /var/www/html/application/libraries/Zend/View/Abstract.php(618): Zend_View_Abstract->_getPlugin('helper', 'HeadLink')
#6 /var/www/html/application/libraries/Zend/View/Abstract.php(344): Zend_View_Abstract->getHelper('headLink')
#7 /var/www/html/install/layouts/scripts/default.tpl(30): Zend_View_Abstract->__call('headLink', Array)
#8 /var/www/html/application/libraries/Zend/View.php(157): include('/var/www/html/install/layouts/sc...')
#9 /var/www/html/application/libraries/Zend/View/Abstract.php(888): Zend_View->_run('/var/www/html/install/layouts/sc...')
#10 /var/www/html/application/libraries/Zend/Layout.php(796): Zend_View_Abstract->render()
#11 /var/www/html/application/libraries/Zend/Layout/Controller/Plugin/Layout.php(143): Zend_Layout->render()
#12 /var/www/html/application/libraries/Zend/Controller/Plugin/Broker.php(333): Zend_Layout_Controller_Plugin_Layout->postDispatch(Zend_Controller_Request_Http)
#13 /var/www/html/application/libraries/Zend/Controller/Front.php(965): Zend_Controller_Plugin_Broker->postDispatch(Zend_Controller_Request_Http)
#14 /var/www/html/application/libraries/Zend/Application/Bootstrap/Bootstrap.php(105): Zend_Controller_Front->dispatch()
#15 /var/www/html/application/libraries/Zend/Application.php(384): Zend_Application_Bootstrap_Bootstrap->run()
#16 /var/www/html/install/index.php(92): Zend_Application->run()
#17 {main}

2020-07-06T16:26:59+00:00 WARN (4): [8192] array_key_exists(): Using array_key_exists() on objects is deprecated. Use isset() or property_exists() instead (/var/www/html/application/libraries/Zend/Registry.php) [206]
Error Code: be61ee
Stack trace:
#0 /var/www/html/application/libraries/Zend/Registry.php(145): Zend_Registry->offsetExists('Zend_View_Helper_Placeholder_Reg...')
#1 /var/www/html/application/libraries/Zend/View/Helper/Placeholder/Registry.php(68): Zend_Registry::get('Zend_View_Helper_Placeholder_Reg...')
#2 /var/www/html/application/libraries/Zend/View/Helper/Placeholder/Container/Standalone.php(69): Zend_View_Helper_Placeholder_Registry::getRegistry()
#3 /var/www/html/application/libraries/Zend/View/Helper/HeadLink.php(79): Zend_View_Helper_Placeholder_Container_Standalone->__construct()
#4 /var/www/html/application/libraries/Zend/View/Abstract.php(1183): Zend_View_Helper_HeadLink->__construct()
#5 /var/www/html/application/libraries/Zend/View/Abstract.php(618): Zend_View_Abstract->_getPlugin('helper', 'HeadLink')
#6 /var/www/html/application/libraries/Zend/View/Abstract.php(344): Zend_View_Abstract->getHelper('headLink')
#7 /var/www/html/install/layouts/scripts/default.tpl(30): Zend_View_Abstract->__call('headLink', Array)
#8 /var/www/html/application/libraries/Zend/View.php(157): include('/var/www/html/install/layouts/sc...')
#9 /var/www/html/application/libraries/Zend/View/Abstract.php(888): Zend_View->_run('/var/www/html/install/layouts/sc...')
#10 /var/www/html/application/libraries/Zend/Layout.php(796): Zend_View_Abstract->render()
#11 /var/www/html/application/libraries/Zend/Layout/Controller/Plugin/Layout.php(143): Zend_Layout->render()
#12 /var/www/html/application/libraries/Zend/Controller/Plugin/Broker.php(333): Zend_Layout_Controller_Plugin_Layout->postDispatch(Zend_Controller_Request_Http)
#13 /var/www/html/application/libraries/Zend/Controller/Front.php(965): Zend_Controller_Plugin_Broker->postDispatch(Zend_Controller_Request_Http)
#14 /var/www/html/application/libraries/Zend/Application/Bootstrap/Bootstrap.php(105): Zend_Controller_Front->dispatch()
#15 /var/www/html/application/libraries/Zend/Application.php(384): Zend_Application_Bootstrap_Bootstrap->run()
#16 /var/www/html/install/index.php(92): Zend_Application->run()
#17 {main}

2020-07-06T16:26:59+00:00 NOTICE (5): [8] compact(): Undefined variable: extras (/var/www/html/application/libraries/Zend/View/Helper/HeadLink.php) [404]
Error Code: a8d239
Stack trace:
#0 /var/www/html/application/libraries/Zend/View/Helper/HeadLink.php(404): compact('rel', 'type', 'href', 'media', 'conditionalStylesheet', 'extras')
#1 /var/www/html/application/libraries/Zend/View/Helper/HeadLink.php(172): Zend_View_Helper_HeadLink->createDataStylesheet(Array)
#2 /var/www/html/install/layouts/scripts/default.tpl(31): Zend_View_Helper_HeadLink->__call('prependStylesheet', Array)
#3 /var/www/html/application/libraries/Zend/View.php(157): include('/var/www/html/install/layouts/sc...')
#4 /var/www/html/application/libraries/Zend/View/Abstract.php(888): Zend_View->_run('/var/www/html/install/layouts/sc...')
#5 /var/www/html/application/libraries/Zend/Layout.php(796): Zend_View_Abstract->render()
#6 /var/www/html/application/libraries/Zend/Layout/Controller/Plugin/Layout.php(143): Zend_Layout->render()
#7 /var/www/html/application/libraries/Zend/Controller/Plugin/Broker.php(333): Zend_Layout_Controller_Plugin_Layout->postDispatch(Zend_Controller_Request_Http)
#8 /var/www/html/application/libraries/Zend/Controller/Front.php(965): Zend_Controller_Plugin_Broker->postDispatch(Zend_Controller_Request_Http)
#9 /var/www/html/application/libraries/Zend/Application/Bootstrap/Bootstrap.php(105): Zend_Controller_Front->dispatch()
#10 /var/www/html/application/libraries/Zend/Application.php(384): Zend_Application_Bootstrap_Bootstrap->run()
#11 /var/www/html/install/index.php(92): Zend_Application->run()
#12 {main}

2020-07-06T16:26:59+00:00 NOTICE (5): [8] compact(): Undefined variable: extras (/var/www/html/application/libraries/Zend/View/Helper/HeadLink.php) [404]
Error Code: 9c620b
Stack trace:
#0 /var/www/html/application/libraries/Zend/View/Helper/HeadLink.php(404): compact('rel', 'type', 'href', 'media', 'conditionalStylesheet', 'extras')
#1 /var/www/html/application/libraries/Zend/View/Helper/HeadLink.php(172): Zend_View_Helper_HeadLink->createDataStylesheet(Array)
#2 /var/www/html/install/layouts/scripts/default.tpl(32): Zend_View_Helper_HeadLink->__call('prependStylesheet', Array)
#3 /var/www/html/application/libraries/Zend/View.php(157): include('/var/www/html/install/layouts/sc...')
#4 /var/www/html/application/libraries/Zend/View/Abstract.php(888): Zend_View->_run('/var/www/html/install/layouts/sc...')
#5 /var/www/html/application/libraries/Zend/Layout.php(796): Zend_View_Abstract->render()
#6 /var/www/html/application/libraries/Zend/Layout/Controller/Plugin/Layout.php(143): Zend_Layout->render()
#7 /var/www/html/application/libraries/Zend/Controller/Plugin/Broker.php(333): Zend_Layout_Controller_Plugin_Layout->postDispatch(Zend_Controller_Request_Http)
#8 /var/www/html/application/libraries/Zend/Controller/Front.php(965): Zend_Controller_Plugin_Broker->postDispatch(Zend_Controller_Request_Http)
#9 /var/www/html/application/libraries/Zend/Application/Bootstrap/Bootstrap.php(105): Zend_Controller_Front->dispatch()
#10 /var/www/html/application/libraries/Zend/Application.php(384): Zend_Application_Bootstrap_Bootstrap->run()
#11 /var/www/html/install/index.php(92): Zend_Application->run()
#12 {main}

2020-07-06T16:26:59+00:00 NOTICE (5): [8] compact(): Undefined variable: extras (/var/www/html/application/libraries/Zend/View/Helper/HeadLink.php) [404]
Error Code: 5ef2d4
Stack trace:
#0 /var/www/html/application/libraries/Zend/View/Helper/HeadLink.php(404): compact('rel', 'type', 'href', 'media', 'conditionalStylesheet', 'extras')
#1 /var/www/html/application/libraries/Zend/View/Helper/HeadLink.php(172): Zend_View_Helper_HeadLink->createDataStylesheet(Array)
#2 /var/www/html/install/layouts/scripts/default.tpl(33): Zend_View_Helper_HeadLink->__call('prependStylesheet', Array)
#3 /var/www/html/application/libraries/Zend/View.php(157): include('/var/www/html/install/layouts/sc...')
#4 /var/www/html/application/libraries/Zend/View/Abstract.php(888): Zend_View->_run('/var/www/html/install/layouts/sc...')
#5 /var/www/html/application/libraries/Zend/Layout.php(796): Zend_View_Abstract->render()
#6 /var/www/html/application/libraries/Zend/Layout/Controller/Plugin/Layout.php(143): Zend_Layout->render()
#7 /var/www/html/application/libraries/Zend/Controller/Plugin/Broker.php(333): Zend_Layout_Controller_Plugin_Layout->postDispatch(Zend_Controller_Request_Http)
#8 /var/www/html/application/libraries/Zend/Controller/Front.php(965): Zend_Controller_Plugin_Broker->postDispatch(Zend_Controller_Request_Http)
#9 /var/www/html/application/libraries/Zend/Application/Bootstrap/Bootstrap.php(105): Zend_Controller_Front->dispatch()
#10 /var/www/html/application/libraries/Zend/Application.php(384): Zend_Application_Bootstrap_Bootstrap->run()
#11 /var/www/html/install/index.php(92): Zend_Application->run()
#12 {main}

2020-07-06T16:26:59+00:00 WARN (4): [8192] array_key_exists(): Using array_key_exists() on objects is deprecated. Use isset() or property_exists() instead (/var/www/html/application/libraries/Zend/Registry.php) [206]
Error Code: 539e14
Stack trace:
#0 /var/www/html/application/libraries/Zend/Registry.php(183): Zend_Registry->offsetExists('Zend_View_Helper_Placeholder_Reg...')
#1 /var/www/html/application/libraries/Zend/View/Helper/Placeholder/Registry.php(67): Zend_Registry::isRegistered('Zend_View_Helper_Placeholder_Reg...')
#2 /var/www/html/application/libraries/Zend/View/Helper/Placeholder/Container/Standalone.php(69): Zend_View_Helper_Placeholder_Registry::getRegistry()
#3 /var/www/html/application/libraries/Zend/View/Helper/HeadStyle.php(89): Zend_View_Helper_Placeholder_Container_Standalone->__construct()
#4 /var/www/html/application/libraries/Zend/View/Abstract.php(1183): Zend_View_Helper_HeadStyle->__construct()
#5 /var/www/html/application/libraries/Zend/View/Abstract.php(618): Zend_View_Abstract->_getPlugin('helper', 'HeadStyle')
#6 /var/www/html/application/libraries/Zend/View/Abstract.php(344): Zend_View_Abstract->getHelper('headStyle')
#7 /var/www/html/install/layouts/scripts/default.tpl(37): Zend_View_Abstract->__call('headStyle', Array)
#8 /var/www/html/application/libraries/Zend/View.php(157): include('/var/www/html/install/layouts/sc...')
#9 /var/www/html/application/libraries/Zend/View/Abstract.php(888): Zend_View->_run('/var/www/html/install/layouts/sc...')
#10 /var/www/html/application/libraries/Zend/Layout.php(796): Zend_View_Abstract->render()
#11 /var/www/html/application/libraries/Zend/Layout/Controller/Plugin/Layout.php(143): Zend_Layout->render()
#12 /var/www/html/application/libraries/Zend/Controller/Plugin/Broker.php(333): Zend_Layout_Controller_Plugin_Layout->postDispatch(Zend_Controller_Request_Http)
#13 /var/www/html/application/libraries/Zend/Controller/Front.php(965): Zend_Controller_Plugin_Broker->postDispatch(Zend_Controller_Request_Http)
#14 /var/www/html/application/libraries/Zend/Application/Bootstrap/Bootstrap.php(105): Zend_Controller_Front->dispatch()
#15 /var/www/html/application/libraries/Zend/Application.php(384): Zend_Application_Bootstrap_Bootstrap->run()
#16 /var/www/html/install/index.php(92): Zend_Application->run()
#17 {main}

2020-07-06T16:26:59+00:00 WARN (4): [8192] array_key_exists(): Using array_key_exists() on objects is deprecated. Use isset() or property_exists() instead (/var/www/html/application/libraries/Zend/Registry.php) [206]
Error Code: 1df0b3
Stack trace:
#0 /var/www/html/application/libraries/Zend/Registry.php(145): Zend_Registry->offsetExists('Zend_View_Helper_Placeholder_Reg...')
#1 /var/www/html/application/libraries/Zend/View/Helper/Placeholder/Registry.php(68): Zend_Registry::get('Zend_View_Helper_Placeholder_Reg...')
#2 /var/www/html/application/libraries/Zend/View/Helper/Placeholder/Container/Standalone.php(69): Zend_View_Helper_Placeholder_Registry::getRegistry()
#3 /var/www/html/application/libraries/Zend/View/Helper/HeadStyle.php(89): Zend_View_Helper_Placeholder_Container_Standalone->__construct()
#4 /var/www/html/application/libraries/Zend/View/Abstract.php(1183): Zend_View_Helper_HeadStyle->__construct()
#5 /var/www/html/application/libraries/Zend/View/Abstract.php(618): Zend_View_Abstract->_getPlugin('helper', 'HeadStyle')
#6 /var/www/html/application/libraries/Zend/View/Abstract.php(344): Zend_View_Abstract->getHelper('headStyle')
#7 /var/www/html/install/layouts/scripts/default.tpl(37): Zend_View_Abstract->__call('headStyle', Array)
#8 /var/www/html/application/libraries/Zend/View.php(157): include('/var/www/html/install/layouts/sc...')
#9 /var/www/html/application/libraries/Zend/View/Abstract.php(888): Zend_View->_run('/var/www/html/install/layouts/sc...')
#10 /var/www/html/application/libraries/Zend/Layout.php(796): Zend_View_Abstract->render()
#11 /var/www/html/application/libraries/Zend/Layout/Controller/Plugin/Layout.php(143): Zend_Layout->render()
#12 /var/www/html/application/libraries/Zend/Controller/Plugin/Broker.php(333): Zend_Layout_Controller_Plugin_Layout->postDispatch(Zend_Controller_Request_Http)
#13 /var/www/html/application/libraries/Zend/Controller/Front.php(965): Zend_Controller_Plugin_Broker->postDispatch(Zend_Controller_Request_Http)
#14 /var/www/html/application/libraries/Zend/Application/Bootstrap/Bootstrap.php(105): Zend_Controller_Front->dispatch()
#15 /var/www/html/application/libraries/Zend/Application.php(384): Zend_Application_Bootstrap_Bootstrap->run()
#16 /var/www/html/install/index.php(92): Zend_Application->run()
#17 {main}

2020-07-06T16:26:59+00:00 WARN (4): [8192] array_key_exists(): Using array_key_exists() on objects is deprecated. Use isset() or property_exists() instead (/var/www/html/application/libraries/Zend/Registry.php) [206]
Error Code: d46081
Stack trace:
#0 /var/www/html/application/libraries/Zend/Registry.php(183): Zend_Registry->offsetExists('Zend_View_Helper_Placeholder_Reg...')
#1 /var/www/html/application/libraries/Zend/View/Helper/Placeholder/Registry.php(67): Zend_Registry::isRegistered('Zend_View_Helper_Placeholder_Reg...')
#2 /var/www/html/application/libraries/Zend/View/Helper/Placeholder/Container/Standalone.php(69): Zend_View_Helper_Placeholder_Registry::getRegistry()
#3 /var/www/html/application/libraries/Zend/View/Helper/HeadScript.php(105): Zend_View_Helper_Placeholder_Container_Standalone->__construct()
#4 /var/www/html/application/libraries/Zend/View/Abstract.php(1183): Zend_View_Helper_HeadScript->__construct()
#5 /var/www/html/application/libraries/Zend/View/Abstract.php(618): Zend_View_Abstract->_getPlugin('helper', 'HeadScript')
#6 /var/www/html/application/libraries/Zend/View/Abstract.php(344): Zend_View_Abstract->getHelper('headScript')
#7 /var/www/html/install/layouts/scripts/default.tpl(43): Zend_View_Abstract->__call('headScript', Array)
#8 /var/www/html/application/libraries/Zend/View.php(157): include('/var/www/html/install/layouts/sc...')
#9 /var/www/html/application/libraries/Zend/View/Abstract.php(888): Zend_View->_run('/var/www/html/install/layouts/sc...')
#10 /var/www/html/application/libraries/Zend/Layout.php(796): Zend_View_Abstract->render()
#11 /var/www/html/application/libraries/Zend/Layout/Controller/Plugin/Layout.php(143): Zend_Layout->render()
#12 /var/www/html/application/libraries/Zend/Controller/Plugin/Broker.php(333): Zend_Layout_Controller_Plugin_Layout->postDispatch(Zend_Controller_Request_Http)
#13 /var/www/html/application/libraries/Zend/Controller/Front.php(965): Zend_Controller_Plugin_Broker->postDispatch(Zend_Controller_Request_Http)
#14 /var/www/html/application/libraries/Zend/Application/Bootstrap/Bootstrap.php(105): Zend_Controller_Front->dispatch()
#15 /var/www/html/application/libraries/Zend/Application.php(384): Zend_Application_Bootstrap_Bootstrap->run()
#16 /var/www/html/install/index.php(92): Zend_Application->run()
#17 {main}

2020-07-06T16:26:59+00:00 WARN (4): [8192] array_key_exists(): Using array_key_exists() on objects is deprecated. Use isset() or property_exists() instead (/var/www/html/application/libraries/Zend/Registry.php) [206]
Error Code: ca40d3
Stack trace:
#0 /var/www/html/application/libraries/Zend/Registry.php(145): Zend_Registry->offsetExists('Zend_View_Helper_Placeholder_Reg...')
#1 /var/www/html/application/libraries/Zend/View/Helper/Placeholder/Registry.php(68): Zend_Registry::get('Zend_View_Helper_Placeholder_Reg...')
#2 /var/www/html/application/libraries/Zend/View/Helper/Placeholder/Container/Standalone.php(69): Zend_View_Helper_Placeholder_Registry::getRegistry()
#3 /var/www/html/application/libraries/Zend/View/Helper/HeadScript.php(105): Zend_View_Helper_Placeholder_Container_Standalone->__construct()
#4 /var/www/html/application/libraries/Zend/View/Abstract.php(1183): Zend_View_Helper_HeadScript->__construct()
#5 /var/www/html/application/libraries/Zend/View/Abstract.php(618): Zend_View_Abstract->_getPlugin('helper', 'HeadScript')
#6 /var/www/html/application/libraries/Zend/View/Abstract.php(344): Zend_View_Abstract->getHelper('headScript')
#7 /var/www/html/install/layouts/scripts/default.tpl(43): Zend_View_Abstract->__call('headScript', Array)
#8 /var/www/html/application/libraries/Zend/View.php(157): include('/var/www/html/install/layouts/sc...')
#9 /var/www/html/application/libraries/Zend/View/Abstract.php(888): Zend_View->_run('/var/www/html/install/layouts/sc...')
#10 /var/www/html/application/libraries/Zend/Layout.php(796): Zend_View_Abstract->render()
#11 /var/www/html/application/libraries/Zend/Layout/Controller/Plugin/Layout.php(143): Zend_Layout->render()
#12 /var/www/html/application/libraries/Zend/Controller/Plugin/Broker.php(333): Zend_Layout_Controller_Plugin_Layout->postDispatch(Zend_Controller_Request_Http)
#13 /var/www/html/application/libraries/Zend/Controller/Front.php(965): Zend_Controller_Plugin_Broker->postDispatch(Zend_Controller_Request_Http)
#14 /var/www/html/application/libraries/Zend/Application/Bootstrap/Bootstrap.php(105): Zend_Controller_Front->dispatch()
#15 /var/www/html/application/libraries/Zend/Application.php(384): Zend_Application_Bootstrap_Bootstrap->run()
#16 /var/www/html/install/index.php(92): Zend_Application->run()
#17 {main}

2020-07-06T16:27:25+00:00 WARN (4): [2] "continue" targeting switch is equivalent to "break". Did you mean to use "continue 2"? (/var/www/html/application/libraries/Zend/Form.php) [1173]
Error Code: c350b1
Stack trace:
#0 /var/www/html/application/libraries/Zend/Loader.php(134): include_once()
#1 /var/www/html/application/libraries/Zend/Loader.php(82): Zend_Loader::loadFile('Zend/Form.php', , 1)
#2 /var/www/html/application/libraries/Zend/Loader/Autoloader.php(479): Zend_Loader::loadClass('Zend_Form')
#3 /var/www/html/application/libraries/Zend/Loader/Autoloader.php(124): Zend_Loader_Autoloader->_autoload('Zend_Form')
#4 (unknown file)(0): Zend_Loader_Autoloader::autoload('Zend_Form')
#5 /var/www/html/application/libraries/Engine/Form.php(18): spl_autoload_call('Zend_Form')
#6 /var/www/html/application/libraries/Zend/Loader.php(134): include_once('/var/www/html/application/librar...')
#7 /var/www/html/application/libraries/Zend/Loader.php(82): Zend_Loader::loadFile('Engine/Form.php', , 1)
#8 /var/www/html/application/libraries/Zend/Loader/Autoloader.php(479): Zend_Loader::loadClass('Engine_Form')
#9 /var/www/html/application/libraries/Zend/Loader/Autoloader.php(124): Zend_Loader_Autoloader->_autoload('Engine_Form')
#10 (unknown file)(0): Zend_Loader_Autoloader::autoload('Engine_Form')
#11 /var/www/html/install/forms/License.php(19): spl_autoload_call('Engine_Form')
#12 /var/www/html/application/libraries/Zend/Loader/Autoloader/Resource.php(201): include('/var/www/html/install/forms/Lice...')
#13 /var/www/html/application/libraries/Zend/Loader/Autoloader.php(120): Zend_Loader_Autoloader_Resource->autoload('Install_Form_License')
#14 (unknown file)(0): Zend_Loader_Autoloader::autoload('Install_Form_License')
#15 /var/www/html/install/controllers/InstallController.php(48): spl_autoload_call('Install_Form_License')
#16 /var/www/html/application/libraries/Zend/Controller/Action.php(516): InstallController->licenseAction()
#17 /var/www/html/application/libraries/Zend/Controller/Dispatcher/Standard.php(308): Zend_Controller_Action->dispatch('licenseAction')
#18 /var/www/html/application/libraries/Zend/Controller/Front.php(954): Zend_Controller_Dispatcher_Standard->dispatch(Zend_Controller_Request_Http, Zend_Controller_Response_Http)
#19 /var/www/html/application/libraries/Zend/Application/Bootstrap/Bootstrap.php(105): Zend_Controller_Front->dispatch()
#20 /var/www/html/application/libraries/Zend/Application.php(384): Zend_Application_Bootstrap_Bootstrap->run()
#21 /var/www/html/install/index.php(92): Zend_Application->run()
#22 {main}

2020-07-06T16:27:25+00:00 WARN (4): [2] "continue" targeting switch is equivalent to "break". Did you mean to use "continue 2"? (/var/www/html/application/libraries/Zend/Form.php) [1690]
Error Code: dd41ad
Stack trace:
#0 /var/www/html/application/libraries/Zend/Loader.php(134): include_once()
#1 /var/www/html/application/libraries/Zend/Loader.php(82): Zend_Loader::loadFile('Zend/Form.php', , 1)
#2 /var/www/html/application/libraries/Zend/Loader/Autoloader.php(479): Zend_Loader::loadClass('Zend_Form')
#3 /var/www/html/application/libraries/Zend/Loader/Autoloader.php(124): Zend_Loader_Autoloader->_autoload('Zend_Form')
#4 (unknown file)(0): Zend_Loader_Autoloader::autoload('Zend_Form')
#5 /var/www/html/application/libraries/Engine/Form.php(18): spl_autoload_call('Zend_Form')
#6 /var/www/html/application/libraries/Zend/Loader.php(134): include_once('/var/www/html/application/librar...')
#7 /var/www/html/application/libraries/Zend/Loader.php(82): Zend_Loader::loadFile('Engine/Form.php', , 1)
#8 /var/www/html/application/libraries/Zend/Loader/Autoloader.php(479): Zend_Loader::loadClass('Engine_Form')
#9 /var/www/html/application/libraries/Zend/Loader/Autoloader.php(124): Zend_Loader_Autoloader->_autoload('Engine_Form')
#10 (unknown file)(0): Zend_Loader_Autoloader::autoload('Engine_Form')
#11 /var/www/html/install/forms/License.php(19): spl_autoload_call('Engine_Form')
#12 /var/www/html/application/libraries/Zend/Loader/Autoloader/Resource.php(201): include('/var/www/html/install/forms/Lice...')
#13 /var/www/html/application/libraries/Zend/Loader/Autoloader.php(120): Zend_Loader_Autoloader_Resource->autoload('Install_Form_License')
#14 (unknown file)(0): Zend_Loader_Autoloader::autoload('Install_Form_License')
#15 /var/www/html/install/controllers/InstallController.php(48): spl_autoload_call('Install_Form_License')
#16 /var/www/html/application/libraries/Zend/Controller/Action.php(516): InstallController->licenseAction()
#17 /var/www/html/application/libraries/Zend/Controller/Dispatcher/Standard.php(308): Zend_Controller_Action->dispatch('licenseAction')
#18 /var/www/html/application/libraries/Zend/Controller/Front.php(954): Zend_Controller_Dispatcher_Standard->dispatch(Zend_Controller_Request_Http, Zend_Controller_Response_Http)
#19 /var/www/html/application/libraries/Zend/Application/Bootstrap/Bootstrap.php(105): Zend_Controller_Front->dispatch()
#20 /var/www/html/application/libraries/Zend/Application.php(384): Zend_Application_Bootstrap_Bootstrap->run()
#21 /var/www/html/install/index.php(92): Zend_Application->run()
#22 {main}

2020-07-06T16:27:26+00:00 NOTICE (5): [8] compact(): Undefined variable: extras (/var/www/html/application/libraries/Zend/View/Helper/HeadLink.php) [404]
Error Code: 5d1f69
Stack trace:
#0 /var/www/html/application/libraries/Zend/View/Helper/HeadLink.php(404): compact('rel', 'type', 'href', 'media', 'conditionalStylesheet', 'extras')
#1 /var/www/html/application/libraries/Zend/View/Helper/HeadLink.php(172): Zend_View_Helper_HeadLink->createDataStylesheet(Array)
#2 /var/www/html/install/layouts/scripts/default.tpl(31): Zend_View_Helper_HeadLink->__call('prependStylesheet', Array)
#3 /var/www/html/application/libraries/Zend/View.php(157): include('/var/www/html/install/layouts/sc...')
#4 /var/www/html/application/libraries/Zend/View/Abstract.php(888): Zend_View->_run('/var/www/html/install/layouts/sc...')
#5 /var/www/html/application/libraries/Zend/Layout.php(796): Zend_View_Abstract->render()
#6 /var/www/html/application/libraries/Zend/Layout/Controller/Plugin/Layout.php(143): Zend_Layout->render()
#7 /var/www/html/application/libraries/Zend/Controller/Plugin/Broker.php(333): Zend_Layout_Controller_Plugin_Layout->postDispatch(Zend_Controller_Request_Http)
#8 /var/www/html/application/libraries/Zend/Controller/Front.php(965): Zend_Controller_Plugin_Broker->postDispatch(Zend_Controller_Request_Http)
#9 /var/www/html/application/libraries/Zend/Application/Bootstrap/Bootstrap.php(105): Zend_Controller_Front->dispatch()
#10 /var/www/html/application/libraries/Zend/Application.php(384): Zend_Application_Bootstrap_Bootstrap->run()
#11 /var/www/html/install/index.php(92): Zend_Application->run()
#12 {main}

2020-07-06T16:27:26+00:00 NOTICE (5): [8] compact(): Undefined variable: extras (/var/www/html/application/libraries/Zend/View/Helper/HeadLink.php) [404]
Error Code: 321506
Stack trace:
#0 /var/www/html/application/libraries/Zend/View/Helper/HeadLink.php(404): compact('rel', 'type', 'href', 'media', 'conditionalStylesheet', 'extras')
#1 /var/www/html/application/libraries/Zend/View/Helper/HeadLink.php(172): Zend_View_Helper_HeadLink->createDataStylesheet(Array)
#2 /var/www/html/install/layouts/scripts/default.tpl(32): Zend_View_Helper_HeadLink->__call('prependStylesheet', Array)
#3 /var/www/html/application/libraries/Zend/View.php(157): include('/var/www/html/install/layouts/sc...')
#4 /var/www/html/application/libraries/Zend/View/Abstract.php(888): Zend_View->_run('/var/www/html/install/layouts/sc...')
#5 /var/www/html/application/libraries/Zend/Layout.php(796): Zend_View_Abstract->render()
#6 /var/www/html/application/libraries/Zend/Layout/Controller/Plugin/Layout.php(143): Zend_Layout->render()
#7 /var/www/html/application/libraries/Zend/Controller/Plugin/Broker.php(333): Zend_Layout_Controller_Plugin_Layout->postDispatch(Zend_Controller_Request_Http)
#8 /var/www/html/application/libraries/Zend/Controller/Front.php(965): Zend_Controller_Plugin_Broker->postDispatch(Zend_Controller_Request_Http)
#9 /var/www/html/application/libraries/Zend/Application/Bootstrap/Bootstrap.php(105): Zend_Controller_Front->dispatch()
#10 /var/www/html/application/libraries/Zend/Application.php(384): Zend_Application_Bootstrap_Bootstrap->run()
#11 /var/www/html/install/index.php(92): Zend_Application->run()
#12 {main}

2020-07-06T16:27:26+00:00 NOTICE (5): [8] compact(): Undefined variable: extras (/var/www/html/application/libraries/Zend/View/Helper/HeadLink.php) [404]
Error Code: 1ffe09
Stack trace:
#0 /var/www/html/application/libraries/Zend/View/Helper/HeadLink.php(404): compact('rel', 'type', 'href', 'media', 'conditionalStylesheet', 'extras')
#1 /var/www/html/application/libraries/Zend/View/Helper/HeadLink.php(172): Zend_View_Helper_HeadLink->createDataStylesheet(Array)
#2 /var/www/html/install/layouts/scripts/default.tpl(33): Zend_View_Helper_HeadLink->__call('prependStylesheet', Array)
#3 /var/www/html/application/libraries/Zend/View.php(157): include('/var/www/html/install/layouts/sc...')
#4 /var/www/html/application/libraries/Zend/View/Abstract.php(888): Zend_View->_run('/var/www/html/install/layouts/sc...')
#5 /var/www/html/application/libraries/Zend/Layout.php(796): Zend_View_Abstract->render()
#6 /var/www/html/application/libraries/Zend/Layout/Controller/Plugin/Layout.php(143): Zend_Layout->render()
#7 /var/www/html/application/libraries/Zend/Controller/Plugin/Broker.php(333): Zend_Layout_Controller_Plugin_Layout->postDispatch(Zend_Controller_Request_Http)
#8 /var/www/html/application/libraries/Zend/Controller/Front.php(965): Zend_Controller_Plugin_Broker->postDispatch(Zend_Controller_Request_Http)
#9 /var/www/html/application/libraries/Zend/Application/Bootstrap/Bootstrap.php(105): Zend_Controller_Front->dispatch()
#10 /var/www/html/application/libraries/Zend/Application.php(384): Zend_Application_Bootstrap_Bootstrap->run()
#11 /var/www/html/install/index.php(92): Zend_Application->run()
#12 {main}

