2020-07-14T08:48:52+00:00 CRIT (2): Zend_Db_Statement_Mysqli_Exception: Mysqli prepare error: Column 'resource_type' in where clause is ambiguous in /var/www/html/application/libraries/Zend/Db/Statement/Mysqli.php:77
Stack trace:
#0 /var/www/html/application/libraries/Zend/Db/Statement.php(115): Zend_Db_Statement_Mysqli->_prepare('SELECT `engine4...')
#1 /var/www/html/application/libraries/Zend/Db/Adapter/Mysqli.php(388): Zend_Db_Statement->__construct(Object(Zend_Db_Adapter_Mysqli), 'SELECT `engine4...')
#2 /var/www/html/application/libraries/Zend/Db/Adapter/Abstract.php(479): Zend_Db_Adapter_Mysqli->prepare('SELECT `engine4...')
#3 /var/www/html/application/libraries/Zend/Db/Table/Abstract.php(1577): Zend_Db_Adapter_Abstract->query('SELECT `engine4...')
#4 /var/www/html/application/libraries/Zend/Db/Table/Abstract.php(1392): Zend_Db_Table_Abstract->_fetch(Object(Zend_Db_Table_Select))
#5 /var/www/html/application/modules/Sesevent/Model/DbTable/Recentlyviewitems.php(52): Zend_Db_Table_Abstract->fetchAll(Object(Zend_Db_Table_Select))
#6 /var/www/html/application/modules/Sesevent/widgets/recently-viewed-item/Controller.php(42): Sesevent_Model_DbTable_Recentlyviewitems->getitem(Array)
#7 /var/www/html/application/libraries/Engine/Content/Widget/Abstract.php(254): Sesevent_Widget_RecentlyViewedItemController->indexAction()
#8 /var/www/html/application/libraries/Engine/Content/Element/Widget.php(73): Engine_Content_Widget_Abstract->render('index')
#9 /var/www/html/application/libraries/Engine/Content/Element/Abstract.php(583): Engine_Content_Element_Widget->_render()
#10 /var/www/html/application/libraries/Engine/Content/Decorator/Children.php(31): Engine_Content_Element_Abstract->render()
#11 /var/www/html/application/libraries/Engine/Content/Element/Abstract.php(594): Engine_Content_Decorator_Children->render('')
#12 /var/www/html/application/libraries/Engine/Content/Decorator/Children.php(31): Engine_Content_Element_Abstract->render()
#13 /var/www/html/application/libraries/Engine/Content/Element/Abstract.php(594): Engine_Content_Decorator_Children->render('')
#14 /var/www/html/application/libraries/Engine/Content/Decorator/Children.php(31): Engine_Content_Element_Abstract->render()
#15 /var/www/html/application/libraries/Engine/Content/Element/Abstract.php(594): Engine_Content_Decorator_Children->render('')
#16 /var/www/html/application/libraries/Engine/Content.php(219): Engine_Content_Element_Abstract->render()
#17 /var/www/html/application/libraries/Engine/Content/Controller/Action/Helper/Content.php(136): Engine_Content->render('sesevent_profil...')
#18 /var/www/html/application/libraries/Engine/Content/Controller/Action/Helper/Content.php(38): Engine_Content_Controller_Action_Helper_Content->render()
#19 /var/www/html/application/libraries/Zend/Controller/Action/HelperBroker.php(277): Engine_Content_Controller_Action_Helper_Content->postDispatch()
#20 /var/www/html/application/libraries/Zend/Controller/Action.php(527): Zend_Controller_Action_HelperBroker->notifyPostDispatch()
#21 /var/www/html/application/libraries/Zend/Controller/Dispatcher/Standard.php(308): Zend_Controller_Action->dispatch('indexAction')
#22 /var/www/html/application/libraries/Zend/Controller/Front.php(954): Zend_Controller_Dispatcher_Standard->dispatch(Object(Zend_Controller_Request_Http), Object(Zend_Controller_Response_Http))
#23 /var/www/html/application/modules/Core/Bootstrap.php(86): Zend_Controller_Front->dispatch()
#24 /var/www/html/application/libraries/Engine/Application.php(160): Core_Bootstrap->run()
#25 /var/www/html/application/index.php(223): Engine_Application->run()
#26 /var/www/html/boot.php(47): include('/var/www/html/a...')
#27 /var/www/html/index.php(29): Engine_Boot->boot()
#28 {main}
2020-07-14T08:50:22+00:00 CRIT (2): Zend_Db_Statement_Mysqli_Exception: Mysqli prepare error: Column 'resource_type' in where clause is ambiguous in /var/www/html/application/libraries/Zend/Db/Statement/Mysqli.php:77
Stack trace:
#0 /var/www/html/application/libraries/Zend/Db/Statement.php(115): Zend_Db_Statement_Mysqli->_prepare('SELECT `engine4...')
#1 /var/www/html/application/libraries/Zend/Db/Adapter/Mysqli.php(388): Zend_Db_Statement->__construct(Object(Zend_Db_Adapter_Mysqli), 'SELECT `engine4...')
#2 /var/www/html/application/libraries/Zend/Db/Adapter/Abstract.php(479): Zend_Db_Adapter_Mysqli->prepare('SELECT `engine4...')
#3 /var/www/html/application/libraries/Zend/Db/Table/Abstract.php(1577): Zend_Db_Adapter_Abstract->query('SELECT `engine4...')
#4 /var/www/html/application/libraries/Zend/Db/Table/Abstract.php(1392): Zend_Db_Table_Abstract->_fetch(Object(Zend_Db_Table_Select))
#5 /var/www/html/application/modules/Sesevent/Model/DbTable/Recentlyviewitems.php(52): Zend_Db_Table_Abstract->fetchAll(Object(Zend_Db_Table_Select))
#6 /var/www/html/application/modules/Sesevent/widgets/recently-viewed-item/Controller.php(42): Sesevent_Model_DbTable_Recentlyviewitems->getitem(Array)
#7 /var/www/html/application/libraries/Engine/Content/Widget/Abstract.php(254): Sesevent_Widget_RecentlyViewedItemController->indexAction()
#8 /var/www/html/application/libraries/Engine/Content/Element/Widget.php(73): Engine_Content_Widget_Abstract->render('index')
#9 /var/www/html/application/libraries/Engine/Content/Element/Abstract.php(583): Engine_Content_Element_Widget->_render()
#10 /var/www/html/application/libraries/Engine/Content/Decorator/Children.php(31): Engine_Content_Element_Abstract->render()
#11 /var/www/html/application/libraries/Engine/Content/Element/Abstract.php(594): Engine_Content_Decorator_Children->render('')
#12 /var/www/html/application/libraries/Engine/Content/Decorator/Children.php(31): Engine_Content_Element_Abstract->render()
#13 /var/www/html/application/libraries/Engine/Content/Element/Abstract.php(594): Engine_Content_Decorator_Children->render('')
#14 /var/www/html/application/libraries/Engine/Content/Decorator/Children.php(31): Engine_Content_Element_Abstract->render()
#15 /var/www/html/application/libraries/Engine/Content/Element/Abstract.php(594): Engine_Content_Decorator_Children->render('')
#16 /var/www/html/application/libraries/Engine/Content.php(219): Engine_Content_Element_Abstract->render()
#17 /var/www/html/application/libraries/Engine/Content/Controller/Action/Helper/Content.php(136): Engine_Content->render('sesevent_profil...')
#18 /var/www/html/application/libraries/Engine/Content/Controller/Action/Helper/Content.php(38): Engine_Content_Controller_Action_Helper_Content->render()
#19 /var/www/html/application/libraries/Zend/Controller/Action/HelperBroker.php(277): Engine_Content_Controller_Action_Helper_Content->postDispatch()
#20 /var/www/html/application/libraries/Zend/Controller/Action.php(527): Zend_Controller_Action_HelperBroker->notifyPostDispatch()
#21 /var/www/html/application/libraries/Zend/Controller/Dispatcher/Standard.php(308): Zend_Controller_Action->dispatch('indexAction')
#22 /var/www/html/application/libraries/Zend/Controller/Front.php(954): Zend_Controller_Dispatcher_Standard->dispatch(Object(Zend_Controller_Request_Http), Object(Zend_Controller_Response_Http))
#23 /var/www/html/application/modules/Core/Bootstrap.php(86): Zend_Controller_Front->dispatch()
#24 /var/www/html/application/libraries/Engine/Application.php(160): Core_Bootstrap->run()
#25 /var/www/html/application/index.php(223): Engine_Application->run()
#26 /var/www/html/boot.php(47): include('/var/www/html/a...')
#27 /var/www/html/index.php(29): Engine_Boot->boot()
#28 {main}
