2020-03-30T22:22:44+00:00 DEBUG (7): Request:
POST /nvp HTTP/1.1
Host: api-3t.sandbox.paypal.com
Accept: */*
Connection: close
Accept-encoding: gzip, deflate
User-Agent: Zend_Http_Client
Content-Type: application/x-www-form-urlencoded
Content-Length: 185

METHOD=BMButtonSearch&VERSION=65.0&USER=atarsi_api1.hotmail.com&PWD=EF7JX9YSN5SDMZ44&SIGNATURE=AvAH86uXh.e4kEMYL4.fNrp4CvzxAIeTKONQeQouWTTCTx5.I9PeqkVI&STARTDATE=2020-03-30+22%3A22%3A43
Response:
HTTP/1.1 200 OK
Cache-control: max-age=0, no-cache, no-store, must-revalidate
Content-length: 234
Content-type: text/plain; charset=utf-8
Date: Mon, 30 Mar 2020 22:22:43 GMT
Paypal-debug-id: 45b251026a435
X-paypal-api-rc: 10002
X-paypal-operation-name: BMButtonSearch
X-slr-retry-api: BMButtonSearch
Connection: close

TIMESTAMP=2020%2d03%2d30T22%3a22%3a44Z&CORRELATIONID=45b251026a435&ACK=Failure&VERSION=65%2e0&BUILD=53816562&L_ERRORCODE0=10002&L_SHORTMESSAGE0=Security%20error&L_LONGMESSAGE0=Security%20header%20is%20not%20valid&L_SEVERITYCODE0=Error

2020-03-30T22:23:28+00:00 DEBUG (7): Request:
POST /nvp HTTP/1.1
Host: api-3t.sandbox.paypal.com
Accept: */*
Connection: close
Accept-encoding: gzip, deflate
User-Agent: Zend_Http_Client
Content-Type: application/x-www-form-urlencoded
Content-Length: 196

METHOD=BMButtonSearch&VERSION=65.0&USER=atarsi%2540hotmail.com&PWD=eGYVkc237OjG%25245Kay4%2521p&SIGNATURE=AvAH86uXh.e4kEMYL4.fNrp4CvzxAIeTKONQeQouWTTCTx5.I9PeqkVI&STARTDATE=2020-03-30+22%3A23%3A27
Response:
HTTP/1.1 200 OK
Cache-control: max-age=0, no-cache, no-store, must-revalidate
Content-length: 234
Content-type: text/plain; charset=utf-8
Date: Mon, 30 Mar 2020 22:23:28 GMT
Paypal-debug-id: b3d731177a6f0
X-paypal-api-rc: 10002
X-paypal-operation-name: BMButtonSearch
X-slr-retry-api: BMButtonSearch
Connection: close

TIMESTAMP=2020%2d03%2d30T22%3a23%3a28Z&CORRELATIONID=b3d731177a6f0&ACK=Failure&VERSION=65%2e0&BUILD=53816562&L_ERRORCODE0=10002&L_SHORTMESSAGE0=Security%20error&L_LONGMESSAGE0=Security%20header%20is%20not%20valid&L_SEVERITYCODE0=Error

2020-03-30T22:24:11+00:00 DEBUG (7): Request:
POST /nvp HTTP/1.1
Host: api-3t.sandbox.paypal.com
Accept: */*
Connection: close
Accept-encoding: gzip, deflate
User-Agent: Zend_Http_Client
Content-Type: application/x-www-form-urlencoded
Content-Length: 185

METHOD=BMButtonSearch&VERSION=65.0&USER=atarsi_api1.hotmail.com&PWD=EF7JX9YSN5SDMZ44&SIGNATURE=AvAH86uXh.e4kEMYL4.fNrp4CvzxAIeTKONQeQouWTTCTx5.I9PeqkVI&STARTDATE=2020-03-30+22%3A24%3A10
Response:
HTTP/1.1 200 OK
Cache-control: max-age=0, no-cache, no-store, must-revalidate
Content-length: 234
Content-type: text/plain; charset=utf-8
Date: Mon, 30 Mar 2020 22:24:10 GMT
Paypal-debug-id: 9a05a84228182
X-paypal-api-rc: 10002
X-paypal-operation-name: BMButtonSearch
X-slr-retry-api: BMButtonSearch
Connection: close

TIMESTAMP=2020%2d03%2d30T22%3a24%3a10Z&CORRELATIONID=9a05a84228182&ACK=Failure&VERSION=65%2e0&BUILD=53816562&L_ERRORCODE0=10002&L_SHORTMESSAGE0=Security%20error&L_LONGMESSAGE0=Security%20header%20is%20not%20valid&L_SEVERITYCODE0=Error

2020-03-30T23:09:05+00:00 DEBUG (7): Request:
POST /nvp HTTP/1.1
Host: api-3t.paypal.com
Accept: */*
Connection: close
Accept-encoding: gzip, deflate
User-Agent: Zend_Http_Client
Content-Type: application/x-www-form-urlencoded
Content-Length: 185

METHOD=BMButtonSearch&VERSION=65.0&USER=atarsi_api1.hotmail.com&PWD=EF7JX9YSN5SDMZ44&SIGNATURE=AvAH86uXh.e4kEMYL4.fNrp4CvzxAIeTKONQeQouWTTCTx5.I9PeqkVI&STARTDATE=2020-03-30+23%3A09%3A04
Response:
HTTP/1.1 200 OK
Content-type: text/plain; charset=utf-8
Content-length: 108
Connection: close
Date: Mon, 30 Mar 2020 23:09:05 GMT
Cache-control: max-age=0, no-cache, no-store, must-revalidate
Caller_acct_num: 01C77E452ED49D3DA13C9B047542621E3EB488E7CF14DB0CCA55ADF3E33F2C5A
Paypal-debug-id: 59fa4a20e95f0
X-paypal-api-rc: 
X-paypal-operation-name: BMButtonSearch
X-slr-retry-api: BMButtonSearch
Strict-transport-security: max-age=31536000; includeSubDomains

TIMESTAMP=2020%2d03%2d30T23%3a09%3a05Z&CORRELATIONID=59fa4a20e95f0&ACK=Success&VERSION=65%2e0&BUILD=53816562

2020-03-30T23:09:19+00:00 DEBUG (7): Request:
POST /nvp HTTP/1.1
Host: api-3t.paypal.com
Accept: */*
Connection: close
Accept-encoding: gzip, deflate
User-Agent: Zend_Http_Client
Content-Type: application/x-www-form-urlencoded
Content-Length: 196

METHOD=BMButtonSearch&VERSION=65.0&USER=atarsi%2540hotmail.com&PWD=eGYVkc237OjG%25245Kay4%2521p&SIGNATURE=AvAH86uXh.e4kEMYL4.fNrp4CvzxAIeTKONQeQouWTTCTx5.I9PeqkVI&STARTDATE=2020-03-30+23%3A09%3A19
Response:
HTTP/1.1 200 OK
Content-type: text/plain; charset=utf-8
Content-length: 234
Connection: close
Date: Mon, 30 Mar 2020 23:09:19 GMT
Cache-control: max-age=0, no-cache, no-store, must-revalidate
Paypal-debug-id: 5fab99775fe93
X-paypal-api-rc: 10002
X-paypal-operation-name: BMButtonSearch
X-slr-retry-api: BMButtonSearch
Strict-transport-security: max-age=31536000; includeSubDomains

TIMESTAMP=2020%2d03%2d30T23%3a09%3a19Z&CORRELATIONID=5fab99775fe93&ACK=Failure&VERSION=65%2e0&BUILD=53816562&L_ERRORCODE0=10002&L_SHORTMESSAGE0=Security%20error&L_LONGMESSAGE0=Security%20header%20is%20not%20valid&L_SEVERITYCODE0=Error

2020-03-30T23:11:13+00:00 DEBUG (7): Request:
POST /nvp HTTP/1.1
Host: api-3t.paypal.com
Accept: */*
Connection: close
Accept-encoding: gzip, deflate
User-Agent: Zend_Http_Client
Content-Type: application/x-www-form-urlencoded
Content-Length: 185

METHOD=BMButtonSearch&VERSION=65.0&USER=atarsi_api1.hotmail.com&PWD=EF7JX9YSN5SDMZ44&SIGNATURE=AvAH86uXh.e4kEMYL4.fNrp4CvzxAIeTKONQeQouWTTCTx5.I9PeqkVI&STARTDATE=2020-03-30+23%3A11%3A12
Response:
HTTP/1.1 200 OK
Content-type: text/plain; charset=utf-8
Content-length: 108
Connection: close
Date: Mon, 30 Mar 2020 23:11:13 GMT
Cache-control: max-age=0, no-cache, no-store, must-revalidate
Caller_acct_num: 01C77E452ED49D3DA13C9B047542621E3EB488E7CF14DB0CCA55ADF3E33F2C5A
Paypal-debug-id: b00b2437f3981
Pragma: no-cache
X-paypal-api-rc: 
X-paypal-operation-name: BMButtonSearch
X-slr-retry-api: BMButtonSearch
Strict-transport-security: max-age=31536000; includeSubDomains

TIMESTAMP=2020%2d03%2d30T23%3a11%3a13Z&CORRELATIONID=b00b2437f3981&ACK=Success&VERSION=65%2e0&BUILD=53816562

2020-03-30T23:13:54+00:00 DEBUG (7): Request:
POST /nvp HTTP/1.1
Host: api-3t.paypal.com
Accept: */*
Connection: close
Accept-encoding: gzip, deflate
User-Agent: Zend_Http_Client
Content-Type: application/x-www-form-urlencoded
Content-Length: 185

METHOD=BMButtonSearch&VERSION=65.0&USER=atarsi_api1.hotmail.com&PWD=EF7JX9YSN5SDMZ44&SIGNATURE=AvAH86uXh.e4kEMYL4.fNrp4CvzxAIeTKONQeQouWTTCTx5.I9PeqkVI&STARTDATE=2020-03-30+23%3A13%3A54
Response:
HTTP/1.1 200 OK
Content-type: text/plain; charset=utf-8
Content-length: 108
Connection: close
Date: Mon, 30 Mar 2020 23:13:54 GMT
Cache-control: max-age=0, no-cache, no-store, must-revalidate
Caller_acct_num: 01C77E452ED49D3DA13C9B047542621E3EB488E7CF14DB0CCA55ADF3E33F2C5A
Paypal-debug-id: e7defc2e907aa
Pragma: no-cache
X-paypal-api-rc: 
X-paypal-operation-name: BMButtonSearch
X-slr-retry-api: BMButtonSearch
Strict-transport-security: max-age=31536000; includeSubDomains

TIMESTAMP=2020%2d03%2d30T23%3a13%3a54Z&CORRELATIONID=e7defc2e907aa&ACK=Success&VERSION=65%2e0&BUILD=53816562

2020-03-30T23:15:23+00:00 DEBUG (7): Request:
POST /nvp HTTP/1.1
Host: api-3t.sandbox.paypal.com
Accept: */*
Connection: close
Accept-encoding: gzip, deflate
User-Agent: Zend_Http_Client
Content-Type: application/x-www-form-urlencoded
Content-Length: 185

METHOD=BMButtonSearch&VERSION=65.0&USER=atarsi_api1.hotmail.com&PWD=EF7JX9YSN5SDMZ44&SIGNATURE=AvAH86uXh.e4kEMYL4.fNrp4CvzxAIeTKONQeQouWTTCTx5.I9PeqkVI&STARTDATE=2020-03-30+23%3A15%3A23
Response:
HTTP/1.1 200 OK
Cache-control: max-age=0, no-cache, no-store, must-revalidate
Content-length: 234
Content-type: text/plain; charset=utf-8
Date: Mon, 30 Mar 2020 23:15:23 GMT
Paypal-debug-id: 352fc4e2ed80f
X-paypal-api-rc: 10002
X-paypal-operation-name: BMButtonSearch
X-slr-retry-api: BMButtonSearch
Connection: close

TIMESTAMP=2020%2d03%2d30T23%3a15%3a23Z&CORRELATIONID=352fc4e2ed80f&ACK=Failure&VERSION=65%2e0&BUILD=53816562&L_ERRORCODE0=10002&L_SHORTMESSAGE0=Security%20error&L_LONGMESSAGE0=Security%20header%20is%20not%20valid&L_SEVERITYCODE0=Error

2020-03-30T23:15:58+00:00 DEBUG (7): Request:
POST /nvp HTTP/1.1
Host: api-3t.sandbox.paypal.com
Accept: */*
Connection: close
Accept-encoding: gzip, deflate
User-Agent: Zend_Http_Client
Content-Type: application/x-www-form-urlencoded
Content-Length: 185

METHOD=BMButtonSearch&VERSION=65.0&USER=atarsi_api1.hotmail.com&PWD=EF7JX9YSN5SDMZ44&SIGNATURE=AvAH86uXh.e4kEMYL4.fNrp4CvzxAIeTKONQeQouWTTCTx5.I9PeqkVI&STARTDATE=2020-03-30+23%3A15%3A58
Response:
HTTP/1.1 200 OK
Cache-control: max-age=0, no-cache, no-store, must-revalidate
Content-length: 234
Content-type: text/plain; charset=utf-8
Date: Mon, 30 Mar 2020 23:15:58 GMT
Paypal-debug-id: 42b79cd6c72a9
X-paypal-api-rc: 10002
X-paypal-operation-name: BMButtonSearch
X-slr-retry-api: BMButtonSearch
Connection: close

TIMESTAMP=2020%2d03%2d30T23%3a15%3a58Z&CORRELATIONID=42b79cd6c72a9&ACK=Failure&VERSION=65%2e0&BUILD=53816562&L_ERRORCODE0=10002&L_SHORTMESSAGE0=Security%20error&L_LONGMESSAGE0=Security%20header%20is%20not%20valid&L_SEVERITYCODE0=Error

2020-03-30T23:16:37+00:00 DEBUG (7): Request:
POST /nvp HTTP/1.1
Host: api-3t.paypal.com
Accept: */*
Connection: close
Accept-encoding: gzip, deflate
User-Agent: Zend_Http_Client
Content-Type: application/x-www-form-urlencoded
Content-Length: 185

METHOD=BMButtonSearch&VERSION=65.0&USER=atarsi_api1.hotmail.com&PWD=EF7JX9YSN5SDMZ44&SIGNATURE=AvAH86uXh.e4kEMYL4.fNrp4CvzxAIeTKONQeQouWTTCTx5.I9PeqkVI&STARTDATE=2020-03-30+23%3A16%3A37
Response:
HTTP/1.1 200 OK
Content-type: text/plain; charset=utf-8
Content-length: 108
Connection: close
Date: Mon, 30 Mar 2020 23:16:37 GMT
Cache-control: max-age=0, no-cache, no-store, must-revalidate
Caller_acct_num: 01C77E452ED49D3DA13C9B047542621E3EB488E7CF14DB0CCA55ADF3E33F2C5A
Paypal-debug-id: d2beade24f71d
X-paypal-api-rc: 
X-paypal-operation-name: BMButtonSearch
X-slr-retry-api: BMButtonSearch
Strict-transport-security: max-age=31536000; includeSubDomains

TIMESTAMP=2020%2d03%2d30T23%3a16%3a37Z&CORRELATIONID=d2beade24f71d&ACK=Success&VERSION=65%2e0&BUILD=53816562

2020-04-06T16:42:49+00:00 DEBUG (7): Request:
POST /nvp HTTP/1.1
Host: api-3t.paypal.com
Accept: */*
Connection: close
Accept-encoding: gzip, deflate
User-Agent: Zend_Http_Client
Content-Type: application/x-www-form-urlencoded
Content-Length: 185

METHOD=BMButtonSearch&VERSION=65.0&USER=atarsi_api1.hotmail.com&PWD=EF7JX9YSN5SDMZ44&SIGNATURE=AvAH86uXh.e4kEMYL4.fNrp4CvzxAIeTKONQeQouWTTCTx5.I9PeqkVI&STARTDATE=2020-04-06+16%3A42%3A48
Response:
HTTP/1.1 200 OK
Content-type: text/plain; charset=utf-8
Content-length: 108
Connection: close
Date: Mon, 06 Apr 2020 16:42:49 GMT
Cache-control: max-age=0, no-cache, no-store, must-revalidate
Caller_acct_num: 01C77E452ED49D3DA13C9B047542621E3EB488E7CF14DB0CCA55ADF3E33F2C5A
Paypal-debug-id: 898ede9dfad0c
X-paypal-api-rc: 
X-paypal-operation-name: BMButtonSearch
X-slr-retry-api: BMButtonSearch
Strict-transport-security: max-age=31536000; includeSubDomains

TIMESTAMP=2020%2d04%2d06T16%3a42%3a49Z&CORRELATIONID=898ede9dfad0c&ACK=Success&VERSION=65%2e0&BUILD=53816562

