2020-07-15T12:29:34+00:00 ERR (3): Zend_Db_Adapter_Mysqli_Exception: Table 'dandoe_se5.engine4_sesmembershipswitch_switchmemberships' doesn't exist in /var/www/html/application/libraries/Zend/Db/Adapter/Mysqli.php:204
Stack trace:
#0 /var/www/html/application/libraries/Zend/Db/Table/Abstract.php(836): Zend_Db_Adapter_Mysqli->describeTable('engine4_sesmemb...', NULL)
#1 /var/www/html/application/libraries/Zend/Db/Table/Abstract.php(875): Zend_Db_Table_Abstract->_setupMetadata()
#2 /var/www/html/application/libraries/Zend/Db/Table/Abstract.php(983): Zend_Db_Table_Abstract->_setupPrimaryKey()
#3 /var/www/html/application/modules/Sesmembershipswitch/Plugin/Task/Cleanup.php(23): Zend_Db_Table_Abstract->info('name')
#4 /var/www/html/application/modules/Core/Model/DbTable/Tasks.php(828): Sesmembershipswitch_Plugin_Task_Cleanup->execute()
#5 /var/www/html/application/modules/Core/Model/DbTable/Tasks.php(670): Core_Model_DbTable_Tasks->_executeTask(Object(Engine_Db_Table_Row))
#6 /var/www/html/application/modules/Core/controllers/UtilityController.php(99): Core_Model_DbTable_Tasks->execute(Array)
#7 /var/www/html/application/libraries/Zend/Controller/Action.php(516): Core_UtilityController->tasksAction()
#8 /var/www/html/application/libraries/Zend/Controller/Dispatcher/Standard.php(308): Zend_Controller_Action->dispatch('tasksAction')
#9 /var/www/html/application/libraries/Zend/Controller/Front.php(954): Zend_Controller_Dispatcher_Standard->dispatch(Object(Zend_Controller_Request_Http), Object(Zend_Controller_Response_Http))
#10 /var/www/html/application/modules/Core/Bootstrap.php(86): Zend_Controller_Front->dispatch()
#11 /var/www/html/application/libraries/Engine/Application.php(160): Core_Bootstrap->run()
#12 /var/www/html/application/index.php(223): Engine_Application->run()
#13 /var/www/html/boot.php(47): include('/var/www/html/a...')
#14 /var/www/html/index.php(29): Engine_Boot->boot()
#15 {main}
2020-07-15T14:46:17+00:00 ERR (3): Zend_Db_Adapter_Mysqli_Exception: Table 'dandoe_se5.engine4_sesmembershipswitch_switchmemberships' doesn't exist in /var/www/html/application/libraries/Zend/Db/Adapter/Mysqli.php:204
Stack trace:
#0 /var/www/html/application/libraries/Zend/Db/Table/Abstract.php(836): Zend_Db_Adapter_Mysqli->describeTable('engine4_sesmemb...', NULL)
#1 /var/www/html/application/libraries/Zend/Db/Table/Abstract.php(875): Zend_Db_Table_Abstract->_setupMetadata()
#2 /var/www/html/application/libraries/Zend/Db/Table/Abstract.php(983): Zend_Db_Table_Abstract->_setupPrimaryKey()
#3 /var/www/html/application/modules/Sesmembershipswitch/Plugin/Task/Cleanup.php(23): Zend_Db_Table_Abstract->info('name')
#4 /var/www/html/application/modules/Core/Model/DbTable/Tasks.php(828): Sesmembershipswitch_Plugin_Task_Cleanup->execute()
#5 /var/www/html/application/modules/Core/Model/DbTable/Tasks.php(670): Core_Model_DbTable_Tasks->_executeTask(Object(Engine_Db_Table_Row))
#6 /var/www/html/application/modules/Core/controllers/UtilityController.php(99): Core_Model_DbTable_Tasks->execute(Array)
#7 /var/www/html/application/libraries/Zend/Controller/Action.php(516): Core_UtilityController->tasksAction()
#8 /var/www/html/application/libraries/Zend/Controller/Dispatcher/Standard.php(308): Zend_Controller_Action->dispatch('tasksAction')
#9 /var/www/html/application/libraries/Zend/Controller/Front.php(954): Zend_Controller_Dispatcher_Standard->dispatch(Object(Zend_Controller_Request_Http), Object(Zend_Controller_Response_Http))
#10 /var/www/html/application/modules/Core/Bootstrap.php(86): Zend_Controller_Front->dispatch()
#11 /var/www/html/application/libraries/Engine/Application.php(160): Core_Bootstrap->run()
#12 /var/www/html/application/index.php(223): Engine_Application->run()
#13 /var/www/html/boot.php(47): include('/var/www/html/a...')
#14 /var/www/html/index.php(29): Engine_Boot->boot()
#15 {main}
2020-07-15T15:34:16+00:00 ERR (3): Zend_Db_Adapter_Mysqli_Exception: Table 'dandoe_se5.engine4_sesmembershipswitch_switchmemberships' doesn't exist in /var/www/html/application/libraries/Zend/Db/Adapter/Mysqli.php:204
Stack trace:
#0 /var/www/html/application/libraries/Zend/Db/Table/Abstract.php(836): Zend_Db_Adapter_Mysqli->describeTable('engine4_sesmemb...', NULL)
#1 /var/www/html/application/libraries/Zend/Db/Table/Abstract.php(875): Zend_Db_Table_Abstract->_setupMetadata()
#2 /var/www/html/application/libraries/Zend/Db/Table/Abstract.php(983): Zend_Db_Table_Abstract->_setupPrimaryKey()
#3 /var/www/html/application/modules/Sesmembershipswitch/Api/Core.php(95): Zend_Db_Table_Abstract->info('name')
#4 /var/www/html/application/modules/Sesmembershipswitch/Plugin/Task/Notification.php(18): Sesmembershipswitch_Api_Core->sendNotification()
#5 /var/www/html/application/modules/Core/Model/DbTable/Tasks.php(828): Sesmembershipswitch_Plugin_Task_Notification->execute()
#6 /var/www/html/application/modules/Core/Model/DbTable/Tasks.php(670): Core_Model_DbTable_Tasks->_executeTask(Object(Engine_Db_Table_Row))
#7 /var/www/html/application/modules/Core/controllers/UtilityController.php(99): Core_Model_DbTable_Tasks->execute(Array)
#8 /var/www/html/application/libraries/Zend/Controller/Action.php(516): Core_UtilityController->tasksAction()
#9 /var/www/html/application/libraries/Zend/Controller/Dispatcher/Standard.php(308): Zend_Controller_Action->dispatch('tasksAction')
#10 /var/www/html/application/libraries/Zend/Controller/Front.php(954): Zend_Controller_Dispatcher_Standard->dispatch(Object(Zend_Controller_Request_Http), Object(Zend_Controller_Response_Http))
#11 /var/www/html/application/modules/Core/Bootstrap.php(86): Zend_Controller_Front->dispatch()
#12 /var/www/html/application/libraries/Engine/Application.php(160): Core_Bootstrap->run()
#13 /var/www/html/application/index.php(223): Engine_Application->run()
#14 /var/www/html/boot.php(47): include('/var/www/html/a...')
#15 /var/www/html/index.php(29): Engine_Boot->boot()
#16 {main}
2020-07-15T15:43:54+00:00 ERR (3): Zend_Db_Adapter_Mysqli_Exception: Table 'dandoe_se5.engine4_sesmembershipswitch_switchmemberships' doesn't exist in /var/www/html/application/libraries/Zend/Db/Adapter/Mysqli.php:204
Stack trace:
#0 /var/www/html/application/libraries/Zend/Db/Table/Abstract.php(836): Zend_Db_Adapter_Mysqli->describeTable('engine4_sesmemb...', NULL)
#1 /var/www/html/application/libraries/Zend/Db/Table/Abstract.php(875): Zend_Db_Table_Abstract->_setupMetadata()
#2 /var/www/html/application/libraries/Zend/Db/Table/Abstract.php(983): Zend_Db_Table_Abstract->_setupPrimaryKey()
#3 /var/www/html/application/modules/Sesmembershipswitch/Api/Core.php(23): Zend_Db_Table_Abstract->info('name')
#4 /var/www/html/application/modules/Sesmembershipswitch/Plugin/Task/Subscription.php(18): Sesmembershipswitch_Api_Core->switchUser()
#5 /var/www/html/application/modules/Core/Model/DbTable/Tasks.php(828): Sesmembershipswitch_Plugin_Task_Subscription->execute()
#6 /var/www/html/application/modules/Core/Model/DbTable/Tasks.php(670): Core_Model_DbTable_Tasks->_executeTask(Object(Engine_Db_Table_Row))
#7 /var/www/html/application/modules/Core/controllers/UtilityController.php(99): Core_Model_DbTable_Tasks->execute(Array)
#8 /var/www/html/application/libraries/Zend/Controller/Action.php(516): Core_UtilityController->tasksAction()
#9 /var/www/html/application/libraries/Zend/Controller/Dispatcher/Standard.php(308): Zend_Controller_Action->dispatch('tasksAction')
#10 /var/www/html/application/libraries/Zend/Controller/Front.php(954): Zend_Controller_Dispatcher_Standard->dispatch(Object(Zend_Controller_Request_Http), Object(Zend_Controller_Response_Http))
#11 /var/www/html/application/modules/Core/Bootstrap.php(86): Zend_Controller_Front->dispatch()
#12 /var/www/html/application/libraries/Engine/Application.php(160): Core_Bootstrap->run()
#13 /var/www/html/application/index.php(223): Engine_Application->run()
#14 /var/www/html/boot.php(47): include('/var/www/html/a...')
#15 /var/www/html/index.php(29): Engine_Boot->boot()
#16 {main}
2020-07-15T16:46:25+00:00 ERR (3): Zend_Db_Adapter_Mysqli_Exception: Table 'dandoe_se5.engine4_sesmembershipswitch_switchmemberships' doesn't exist in /var/www/html/application/libraries/Zend/Db/Adapter/Mysqli.php:204
Stack trace:
#0 /var/www/html/application/libraries/Zend/Db/Table/Abstract.php(836): Zend_Db_Adapter_Mysqli->describeTable('engine4_sesmemb...', NULL)
#1 /var/www/html/application/libraries/Zend/Db/Table/Abstract.php(875): Zend_Db_Table_Abstract->_setupMetadata()
#2 /var/www/html/application/libraries/Zend/Db/Table/Abstract.php(983): Zend_Db_Table_Abstract->_setupPrimaryKey()
#3 /var/www/html/application/modules/Sesmembershipswitch/Plugin/Task/Cleanup.php(23): Zend_Db_Table_Abstract->info('name')
#4 /var/www/html/application/modules/Core/Model/DbTable/Tasks.php(828): Sesmembershipswitch_Plugin_Task_Cleanup->execute()
#5 /var/www/html/application/modules/Core/Model/DbTable/Tasks.php(670): Core_Model_DbTable_Tasks->_executeTask(Object(Engine_Db_Table_Row))
#6 /var/www/html/application/modules/Core/controllers/UtilityController.php(99): Core_Model_DbTable_Tasks->execute(Array)
#7 /var/www/html/application/libraries/Zend/Controller/Action.php(516): Core_UtilityController->tasksAction()
#8 /var/www/html/application/libraries/Zend/Controller/Dispatcher/Standard.php(308): Zend_Controller_Action->dispatch('tasksAction')
#9 /var/www/html/application/libraries/Zend/Controller/Front.php(954): Zend_Controller_Dispatcher_Standard->dispatch(Object(Zend_Controller_Request_Http), Object(Zend_Controller_Response_Http))
#10 /var/www/html/application/modules/Core/Bootstrap.php(86): Zend_Controller_Front->dispatch()
#11 /var/www/html/application/libraries/Engine/Application.php(160): Core_Bootstrap->run()
#12 /var/www/html/application/index.php(223): Engine_Application->run()
#13 /var/www/html/boot.php(47): include('/var/www/html/a...')
#14 /var/www/html/index.php(29): Engine_Boot->boot()
#15 {main}
2020-07-15T18:15:32+00:00 ERR (3): Zend_Db_Adapter_Mysqli_Exception: Table 'dandoe_se5.engine4_sesmembershipswitch_switchmemberships' doesn't exist in /var/www/html/application/libraries/Zend/Db/Adapter/Mysqli.php:204
Stack trace:
#0 /var/www/html/application/libraries/Zend/Db/Table/Abstract.php(836): Zend_Db_Adapter_Mysqli->describeTable('engine4_sesmemb...', NULL)
#1 /var/www/html/application/libraries/Zend/Db/Table/Abstract.php(875): Zend_Db_Table_Abstract->_setupMetadata()
#2 /var/www/html/application/libraries/Zend/Db/Table/Abstract.php(983): Zend_Db_Table_Abstract->_setupPrimaryKey()
#3 /var/www/html/application/modules/Sesmembershipswitch/Api/Core.php(95): Zend_Db_Table_Abstract->info('name')
#4 /var/www/html/application/modules/Sesmembershipswitch/Plugin/Task/Notification.php(18): Sesmembershipswitch_Api_Core->sendNotification()
#5 /var/www/html/application/modules/Core/Model/DbTable/Tasks.php(828): Sesmembershipswitch_Plugin_Task_Notification->execute()
#6 /var/www/html/application/modules/Core/Model/DbTable/Tasks.php(670): Core_Model_DbTable_Tasks->_executeTask(Object(Engine_Db_Table_Row))
#7 /var/www/html/application/modules/Core/controllers/UtilityController.php(99): Core_Model_DbTable_Tasks->execute(Array)
#8 /var/www/html/application/libraries/Zend/Controller/Action.php(516): Core_UtilityController->tasksAction()
#9 /var/www/html/application/libraries/Zend/Controller/Dispatcher/Standard.php(308): Zend_Controller_Action->dispatch('tasksAction')
#10 /var/www/html/application/libraries/Zend/Controller/Front.php(954): Zend_Controller_Dispatcher_Standard->dispatch(Object(Zend_Controller_Request_Http), Object(Zend_Controller_Response_Http))
#11 /var/www/html/application/modules/Core/Bootstrap.php(86): Zend_Controller_Front->dispatch()
#12 /var/www/html/application/libraries/Engine/Application.php(160): Core_Bootstrap->run()
#13 /var/www/html/application/index.php(223): Engine_Application->run()
#14 /var/www/html/boot.php(47): include('/var/www/html/a...')
#15 /var/www/html/index.php(29): Engine_Boot->boot()
#16 {main}
2020-07-15T18:47:57+00:00 ERR (3): Zend_Db_Adapter_Mysqli_Exception: Table 'dandoe_se5.engine4_sesmembershipswitch_switchmemberships' doesn't exist in /var/www/html/application/libraries/Zend/Db/Adapter/Mysqli.php:204
Stack trace:
#0 /var/www/html/application/libraries/Zend/Db/Table/Abstract.php(836): Zend_Db_Adapter_Mysqli->describeTable('engine4_sesmemb...', NULL)
#1 /var/www/html/application/libraries/Zend/Db/Table/Abstract.php(875): Zend_Db_Table_Abstract->_setupMetadata()
#2 /var/www/html/application/libraries/Zend/Db/Table/Abstract.php(983): Zend_Db_Table_Abstract->_setupPrimaryKey()
#3 /var/www/html/application/modules/Sesmembershipswitch/Plugin/Task/Cleanup.php(23): Zend_Db_Table_Abstract->info('name')
#4 /var/www/html/application/modules/Core/Model/DbTable/Tasks.php(828): Sesmembershipswitch_Plugin_Task_Cleanup->execute()
#5 /var/www/html/application/modules/Core/Model/DbTable/Tasks.php(670): Core_Model_DbTable_Tasks->_executeTask(Object(Engine_Db_Table_Row))
#6 /var/www/html/application/modules/Core/controllers/UtilityController.php(99): Core_Model_DbTable_Tasks->execute(Array)
#7 /var/www/html/application/libraries/Zend/Controller/Action.php(516): Core_UtilityController->tasksAction()
#8 /var/www/html/application/libraries/Zend/Controller/Dispatcher/Standard.php(308): Zend_Controller_Action->dispatch('tasksAction')
#9 /var/www/html/application/libraries/Zend/Controller/Front.php(954): Zend_Controller_Dispatcher_Standard->dispatch(Object(Zend_Controller_Request_Http), Object(Zend_Controller_Response_Http))
#10 /var/www/html/application/modules/Core/Bootstrap.php(86): Zend_Controller_Front->dispatch()
#11 /var/www/html/application/libraries/Engine/Application.php(160): Core_Bootstrap->run()
#12 /var/www/html/application/index.php(223): Engine_Application->run()
#13 /var/www/html/boot.php(47): include('/var/www/html/a...')
#14 /var/www/html/index.php(29): Engine_Boot->boot()
#15 {main}
2020-07-15T21:56:41+00:00 ERR (3): Zend_Db_Adapter_Mysqli_Exception: Table 'dandoe_se5.engine4_sesmembershipswitch_switchmemberships' doesn't exist in /var/www/html/application/libraries/Zend/Db/Adapter/Mysqli.php:204
Stack trace:
#0 /var/www/html/application/libraries/Zend/Db/Table/Abstract.php(836): Zend_Db_Adapter_Mysqli->describeTable('engine4_sesmemb...', NULL)
#1 /var/www/html/application/libraries/Zend/Db/Table/Abstract.php(875): Zend_Db_Table_Abstract->_setupMetadata()
#2 /var/www/html/application/libraries/Zend/Db/Table/Abstract.php(983): Zend_Db_Table_Abstract->_setupPrimaryKey()
#3 /var/www/html/application/modules/Sesmembershipswitch/Plugin/Task/Cleanup.php(23): Zend_Db_Table_Abstract->info('name')
#4 /var/www/html/application/modules/Core/Model/DbTable/Tasks.php(828): Sesmembershipswitch_Plugin_Task_Cleanup->execute()
#5 /var/www/html/application/modules/Core/Model/DbTable/Tasks.php(670): Core_Model_DbTable_Tasks->_executeTask(Object(Engine_Db_Table_Row))
#6 /var/www/html/application/modules/Core/controllers/UtilityController.php(99): Core_Model_DbTable_Tasks->execute(Array)
#7 /var/www/html/application/libraries/Zend/Controller/Action.php(516): Core_UtilityController->tasksAction()
#8 /var/www/html/application/libraries/Zend/Controller/Dispatcher/Standard.php(308): Zend_Controller_Action->dispatch('tasksAction')
#9 /var/www/html/application/libraries/Zend/Controller/Front.php(954): Zend_Controller_Dispatcher_Standard->dispatch(Object(Zend_Controller_Request_Http), Object(Zend_Controller_Response_Http))
#10 /var/www/html/application/modules/Core/Bootstrap.php(86): Zend_Controller_Front->dispatch()
#11 /var/www/html/application/libraries/Engine/Application.php(160): Core_Bootstrap->run()
#12 /var/www/html/application/index.php(223): Engine_Application->run()
#13 /var/www/html/boot.php(47): include('/var/www/html/a...')
#14 /var/www/html/index.php(29): Engine_Boot->boot()
#15 {main}
2020-07-16T08:25:43+00:00 ERR (3): Zend_Db_Adapter_Mysqli_Exception: Table 'dandoe_se5.engine4_sesmembershipswitch_switchmemberships' doesn't exist in /var/www/html/application/libraries/Zend/Db/Adapter/Mysqli.php:204
Stack trace:
#0 /var/www/html/application/libraries/Zend/Db/Table/Abstract.php(836): Zend_Db_Adapter_Mysqli->describeTable('engine4_sesmemb...', NULL)
#1 /var/www/html/application/libraries/Zend/Db/Table/Abstract.php(875): Zend_Db_Table_Abstract->_setupMetadata()
#2 /var/www/html/application/libraries/Zend/Db/Table/Abstract.php(983): Zend_Db_Table_Abstract->_setupPrimaryKey()
#3 /var/www/html/application/modules/Sesmembershipswitch/Plugin/Task/Cleanup.php(23): Zend_Db_Table_Abstract->info('name')
#4 /var/www/html/application/modules/Core/Model/DbTable/Tasks.php(828): Sesmembershipswitch_Plugin_Task_Cleanup->execute()
#5 /var/www/html/application/modules/Core/Model/DbTable/Tasks.php(670): Core_Model_DbTable_Tasks->_executeTask(Object(Engine_Db_Table_Row))
#6 /var/www/html/application/modules/Core/controllers/UtilityController.php(99): Core_Model_DbTable_Tasks->execute(Array)
#7 /var/www/html/application/libraries/Zend/Controller/Action.php(516): Core_UtilityController->tasksAction()
#8 /var/www/html/application/libraries/Zend/Controller/Dispatcher/Standard.php(308): Zend_Controller_Action->dispatch('tasksAction')
#9 /var/www/html/application/libraries/Zend/Controller/Front.php(954): Zend_Controller_Dispatcher_Standard->dispatch(Object(Zend_Controller_Request_Http), Object(Zend_Controller_Response_Http))
#10 /var/www/html/application/modules/Core/Bootstrap.php(86): Zend_Controller_Front->dispatch()
#11 /var/www/html/application/libraries/Engine/Application.php(160): Core_Bootstrap->run()
#12 /var/www/html/application/index.php(223): Engine_Application->run()
#13 /var/www/html/boot.php(47): include('/var/www/html/a...')
#14 /var/www/html/index.php(29): Engine_Boot->boot()
#15 {main}
2020-07-16T11:37:36+00:00 ERR (3): Zend_Db_Adapter_Mysqli_Exception: Table 'dandoe_se5.engine4_sesmembershipswitch_switchmemberships' doesn't exist in /var/www/html/application/libraries/Zend/Db/Adapter/Mysqli.php:204
Stack trace:
#0 /var/www/html/application/libraries/Zend/Db/Table/Abstract.php(836): Zend_Db_Adapter_Mysqli->describeTable('engine4_sesmemb...', NULL)
#1 /var/www/html/application/libraries/Zend/Db/Table/Abstract.php(875): Zend_Db_Table_Abstract->_setupMetadata()
#2 /var/www/html/application/libraries/Zend/Db/Table/Abstract.php(983): Zend_Db_Table_Abstract->_setupPrimaryKey()
#3 /var/www/html/application/modules/Sesmembershipswitch/Plugin/Task/Cleanup.php(23): Zend_Db_Table_Abstract->info('name')
#4 /var/www/html/application/modules/Core/Model/DbTable/Tasks.php(828): Sesmembershipswitch_Plugin_Task_Cleanup->execute()
#5 /var/www/html/application/modules/Core/Model/DbTable/Tasks.php(670): Core_Model_DbTable_Tasks->_executeTask(Object(Engine_Db_Table_Row))
#6 /var/www/html/application/modules/Core/controllers/UtilityController.php(99): Core_Model_DbTable_Tasks->execute(Array)
#7 /var/www/html/application/libraries/Zend/Controller/Action.php(516): Core_UtilityController->tasksAction()
#8 /var/www/html/application/libraries/Zend/Controller/Dispatcher/Standard.php(308): Zend_Controller_Action->dispatch('tasksAction')
#9 /var/www/html/application/libraries/Zend/Controller/Front.php(954): Zend_Controller_Dispatcher_Standard->dispatch(Object(Zend_Controller_Request_Http), Object(Zend_Controller_Response_Http))
#10 /var/www/html/application/modules/Core/Bootstrap.php(86): Zend_Controller_Front->dispatch()
#11 /var/www/html/application/libraries/Engine/Application.php(160): Core_Bootstrap->run()
#12 /var/www/html/application/index.php(223): Engine_Application->run()
#13 /var/www/html/boot.php(47): include('/var/www/html/a...')
#14 /var/www/html/index.php(29): Engine_Boot->boot()
#15 {main}
2020-07-16T13:39:54+00:00 ERR (3): Zend_Db_Adapter_Mysqli_Exception: Table 'dandoe_se5.engine4_sesmembershipswitch_switchmemberships' doesn't exist in /var/www/html/application/libraries/Zend/Db/Adapter/Mysqli.php:204
Stack trace:
#0 /var/www/html/application/libraries/Zend/Db/Table/Abstract.php(836): Zend_Db_Adapter_Mysqli->describeTable('engine4_sesmemb...', NULL)
#1 /var/www/html/application/libraries/Zend/Db/Table/Abstract.php(875): Zend_Db_Table_Abstract->_setupMetadata()
#2 /var/www/html/application/libraries/Zend/Db/Table/Abstract.php(983): Zend_Db_Table_Abstract->_setupPrimaryKey()
#3 /var/www/html/application/modules/Sesmembershipswitch/Plugin/Task/Cleanup.php(23): Zend_Db_Table_Abstract->info('name')
#4 /var/www/html/application/modules/Core/Model/DbTable/Tasks.php(828): Sesmembershipswitch_Plugin_Task_Cleanup->execute()
#5 /var/www/html/application/modules/Core/Model/DbTable/Tasks.php(670): Core_Model_DbTable_Tasks->_executeTask(Object(Engine_Db_Table_Row))
#6 /var/www/html/application/modules/Core/controllers/UtilityController.php(99): Core_Model_DbTable_Tasks->execute(Array)
#7 /var/www/html/application/libraries/Zend/Controller/Action.php(516): Core_UtilityController->tasksAction()
#8 /var/www/html/application/libraries/Zend/Controller/Dispatcher/Standard.php(308): Zend_Controller_Action->dispatch('tasksAction')
#9 /var/www/html/application/libraries/Zend/Controller/Front.php(954): Zend_Controller_Dispatcher_Standard->dispatch(Object(Zend_Controller_Request_Http), Object(Zend_Controller_Response_Http))
#10 /var/www/html/application/modules/Core/Bootstrap.php(86): Zend_Controller_Front->dispatch()
#11 /var/www/html/application/libraries/Engine/Application.php(160): Core_Bootstrap->run()
#12 /var/www/html/application/index.php(223): Engine_Application->run()
#13 /var/www/html/boot.php(47): include('/var/www/html/a...')
#14 /var/www/html/index.php(29): Engine_Boot->boot()
#15 {main}
2020-07-16T15:44:56+00:00 ERR (3): Zend_Db_Adapter_Mysqli_Exception: Table 'dandoe_se5.engine4_sesmembershipswitch_switchmemberships' doesn't exist in /var/www/html/application/libraries/Zend/Db/Adapter/Mysqli.php:204
Stack trace:
#0 /var/www/html/application/libraries/Zend/Db/Table/Abstract.php(836): Zend_Db_Adapter_Mysqli->describeTable('engine4_sesmemb...', NULL)
#1 /var/www/html/application/libraries/Zend/Db/Table/Abstract.php(875): Zend_Db_Table_Abstract->_setupMetadata()
#2 /var/www/html/application/libraries/Zend/Db/Table/Abstract.php(983): Zend_Db_Table_Abstract->_setupPrimaryKey()
#3 /var/www/html/application/modules/Sesmembershipswitch/Plugin/Task/Cleanup.php(23): Zend_Db_Table_Abstract->info('name')
#4 /var/www/html/application/modules/Core/Model/DbTable/Tasks.php(828): Sesmembershipswitch_Plugin_Task_Cleanup->execute()
#5 /var/www/html/application/modules/Core/Model/DbTable/Tasks.php(670): Core_Model_DbTable_Tasks->_executeTask(Object(Engine_Db_Table_Row))
#6 /var/www/html/application/modules/Core/controllers/UtilityController.php(99): Core_Model_DbTable_Tasks->execute(Array)
#7 /var/www/html/application/libraries/Zend/Controller/Action.php(516): Core_UtilityController->tasksAction()
#8 /var/www/html/application/libraries/Zend/Controller/Dispatcher/Standard.php(308): Zend_Controller_Action->dispatch('tasksAction')
#9 /var/www/html/application/libraries/Zend/Controller/Front.php(954): Zend_Controller_Dispatcher_Standard->dispatch(Object(Zend_Controller_Request_Http), Object(Zend_Controller_Response_Http))
#10 /var/www/html/application/modules/Core/Bootstrap.php(86): Zend_Controller_Front->dispatch()
#11 /var/www/html/application/libraries/Engine/Application.php(160): Core_Bootstrap->run()
#12 /var/www/html/application/index.php(223): Engine_Application->run()
#13 /var/www/html/boot.php(47): include('/var/www/html/a...')
#14 /var/www/html/index.php(29): Engine_Boot->boot()
#15 {main}
2020-07-16T19:18:51+00:00 ERR (3): Zend_Db_Adapter_Mysqli_Exception: Table 'dandoe_se5.engine4_sesmembershipswitch_switchmemberships' doesn't exist in /var/www/html/application/libraries/Zend/Db/Adapter/Mysqli.php:204
Stack trace:
#0 /var/www/html/application/libraries/Zend/Db/Table/Abstract.php(836): Zend_Db_Adapter_Mysqli->describeTable('engine4_sesmemb...', NULL)
#1 /var/www/html/application/libraries/Zend/Db/Table/Abstract.php(875): Zend_Db_Table_Abstract->_setupMetadata()
#2 /var/www/html/application/libraries/Zend/Db/Table/Abstract.php(983): Zend_Db_Table_Abstract->_setupPrimaryKey()
#3 /var/www/html/application/modules/Sesmembershipswitch/Plugin/Task/Cleanup.php(23): Zend_Db_Table_Abstract->info('name')
#4 /var/www/html/application/modules/Core/Model/DbTable/Tasks.php(828): Sesmembershipswitch_Plugin_Task_Cleanup->execute()
#5 /var/www/html/application/modules/Core/Model/DbTable/Tasks.php(670): Core_Model_DbTable_Tasks->_executeTask(Object(Engine_Db_Table_Row))
#6 /var/www/html/application/modules/Core/controllers/UtilityController.php(99): Core_Model_DbTable_Tasks->execute(Array)
#7 /var/www/html/application/libraries/Zend/Controller/Action.php(516): Core_UtilityController->tasksAction()
#8 /var/www/html/application/libraries/Zend/Controller/Dispatcher/Standard.php(308): Zend_Controller_Action->dispatch('tasksAction')
#9 /var/www/html/application/libraries/Zend/Controller/Front.php(954): Zend_Controller_Dispatcher_Standard->dispatch(Object(Zend_Controller_Request_Http), Object(Zend_Controller_Response_Http))
#10 /var/www/html/application/modules/Core/Bootstrap.php(86): Zend_Controller_Front->dispatch()
#11 /var/www/html/application/libraries/Engine/Application.php(160): Core_Bootstrap->run()
#12 /var/www/html/application/index.php(223): Engine_Application->run()
#13 /var/www/html/boot.php(47): include('/var/www/html/a...')
#14 /var/www/html/index.php(29): Engine_Boot->boot()
#15 {main}
2020-07-16T19:35:24+00:00 ERR (3): Zend_Db_Adapter_Mysqli_Exception: Table 'dandoe_se5.engine4_sesmembershipswitch_switchmemberships' doesn't exist in /var/www/html/application/libraries/Zend/Db/Adapter/Mysqli.php:204
Stack trace:
#0 /var/www/html/application/libraries/Zend/Db/Table/Abstract.php(836): Zend_Db_Adapter_Mysqli->describeTable('engine4_sesmemb...', NULL)
#1 /var/www/html/application/libraries/Zend/Db/Table/Abstract.php(875): Zend_Db_Table_Abstract->_setupMetadata()
#2 /var/www/html/application/libraries/Zend/Db/Table/Abstract.php(983): Zend_Db_Table_Abstract->_setupPrimaryKey()
#3 /var/www/html/application/modules/Sesmembershipswitch/Api/Core.php(95): Zend_Db_Table_Abstract->info('name')
#4 /var/www/html/application/modules/Sesmembershipswitch/Plugin/Task/Notification.php(18): Sesmembershipswitch_Api_Core->sendNotification()
#5 /var/www/html/application/modules/Core/Model/DbTable/Tasks.php(828): Sesmembershipswitch_Plugin_Task_Notification->execute()
#6 /var/www/html/application/modules/Core/Model/DbTable/Tasks.php(670): Core_Model_DbTable_Tasks->_executeTask(Object(Engine_Db_Table_Row))
#7 /var/www/html/application/modules/Core/controllers/UtilityController.php(99): Core_Model_DbTable_Tasks->execute(Array)
#8 /var/www/html/application/libraries/Zend/Controller/Action.php(516): Core_UtilityController->tasksAction()
#9 /var/www/html/application/libraries/Zend/Controller/Dispatcher/Standard.php(308): Zend_Controller_Action->dispatch('tasksAction')
#10 /var/www/html/application/libraries/Zend/Controller/Front.php(954): Zend_Controller_Dispatcher_Standard->dispatch(Object(Zend_Controller_Request_Http), Object(Zend_Controller_Response_Http))
#11 /var/www/html/application/modules/Core/Bootstrap.php(86): Zend_Controller_Front->dispatch()
#12 /var/www/html/application/libraries/Engine/Application.php(160): Core_Bootstrap->run()
#13 /var/www/html/application/index.php(223): Engine_Application->run()
#14 /var/www/html/boot.php(47): include('/var/www/html/a...')
#15 /var/www/html/index.php(29): Engine_Boot->boot()
#16 {main}
2020-07-16T23:43:03+00:00 ERR (3): Zend_Db_Adapter_Mysqli_Exception: Table 'dandoe_se5.engine4_sesmembershipswitch_switchmemberships' doesn't exist in /var/www/html/application/libraries/Zend/Db/Adapter/Mysqli.php:204
Stack trace:
#0 /var/www/html/application/libraries/Zend/Db/Table/Abstract.php(836): Zend_Db_Adapter_Mysqli->describeTable('engine4_sesmemb...', NULL)
#1 /var/www/html/application/libraries/Zend/Db/Table/Abstract.php(875): Zend_Db_Table_Abstract->_setupMetadata()
#2 /var/www/html/application/libraries/Zend/Db/Table/Abstract.php(983): Zend_Db_Table_Abstract->_setupPrimaryKey()
#3 /var/www/html/application/modules/Sesmembershipswitch/Plugin/Task/Cleanup.php(23): Zend_Db_Table_Abstract->info('name')
#4 /var/www/html/application/modules/Core/Model/DbTable/Tasks.php(828): Sesmembershipswitch_Plugin_Task_Cleanup->execute()
#5 /var/www/html/application/modules/Core/Model/DbTable/Tasks.php(670): Core_Model_DbTable_Tasks->_executeTask(Object(Engine_Db_Table_Row))
#6 /var/www/html/application/modules/Core/controllers/UtilityController.php(99): Core_Model_DbTable_Tasks->execute(Array)
#7 /var/www/html/application/libraries/Zend/Controller/Action.php(516): Core_UtilityController->tasksAction()
#8 /var/www/html/application/libraries/Zend/Controller/Dispatcher/Standard.php(308): Zend_Controller_Action->dispatch('tasksAction')
#9 /var/www/html/application/libraries/Zend/Controller/Front.php(954): Zend_Controller_Dispatcher_Standard->dispatch(Object(Zend_Controller_Request_Http), Object(Zend_Controller_Response_Http))
#10 /var/www/html/application/modules/Core/Bootstrap.php(86): Zend_Controller_Front->dispatch()
#11 /var/www/html/application/libraries/Engine/Application.php(160): Core_Bootstrap->run()
#12 /var/www/html/application/index.php(223): Engine_Application->run()
#13 /var/www/html/boot.php(47): include('/var/www/html/a...')
#14 /var/www/html/index.php(29): Engine_Boot->boot()
#15 {main}
2020-07-17T00:32:22+00:00 ERR (3): Zend_Db_Adapter_Mysqli_Exception: Table 'dandoe_se5.engine4_sesmembershipswitch_switchmemberships' doesn't exist in /var/www/html/application/libraries/Zend/Db/Adapter/Mysqli.php:204
Stack trace:
#0 /var/www/html/application/libraries/Zend/Db/Table/Abstract.php(836): Zend_Db_Adapter_Mysqli->describeTable('engine4_sesmemb...', NULL)
#1 /var/www/html/application/libraries/Zend/Db/Table/Abstract.php(875): Zend_Db_Table_Abstract->_setupMetadata()
#2 /var/www/html/application/libraries/Zend/Db/Table/Abstract.php(983): Zend_Db_Table_Abstract->_setupPrimaryKey()
#3 /var/www/html/application/modules/Sesmembershipswitch/Plugin/Task/Cleanup.php(23): Zend_Db_Table_Abstract->info('name')
#4 /var/www/html/application/modules/Core/Model/DbTable/Tasks.php(828): Sesmembershipswitch_Plugin_Task_Cleanup->execute()
#5 /var/www/html/application/modules/Core/Model/DbTable/Tasks.php(670): Core_Model_DbTable_Tasks->_executeTask(Object(Engine_Db_Table_Row))
#6 /var/www/html/application/modules/Core/controllers/UtilityController.php(99): Core_Model_DbTable_Tasks->execute(Array)
#7 /var/www/html/application/libraries/Zend/Controller/Action.php(516): Core_UtilityController->tasksAction()
#8 /var/www/html/application/libraries/Zend/Controller/Dispatcher/Standard.php(308): Zend_Controller_Action->dispatch('tasksAction')
#9 /var/www/html/application/libraries/Zend/Controller/Front.php(954): Zend_Controller_Dispatcher_Standard->dispatch(Object(Zend_Controller_Request_Http), Object(Zend_Controller_Response_Http))
#10 /var/www/html/application/modules/Core/Bootstrap.php(86): Zend_Controller_Front->dispatch()
#11 /var/www/html/application/libraries/Engine/Application.php(160): Core_Bootstrap->run()
#12 /var/www/html/application/index.php(223): Engine_Application->run()
#13 /var/www/html/boot.php(47): include('/var/www/html/a...')
#14 /var/www/html/index.php(29): Engine_Boot->boot()
#15 {main}
2020-07-17T08:38:23+00:00 ERR (3): Zend_Db_Adapter_Mysqli_Exception: Table 'dandoe_se5.engine4_sesmembershipswitch_switchmemberships' doesn't exist in /var/www/html/application/libraries/Zend/Db/Adapter/Mysqli.php:204
Stack trace:
#0 /var/www/html/application/libraries/Zend/Db/Table/Abstract.php(836): Zend_Db_Adapter_Mysqli->describeTable('engine4_sesmemb...', NULL)
#1 /var/www/html/application/libraries/Zend/Db/Table/Abstract.php(875): Zend_Db_Table_Abstract->_setupMetadata()
#2 /var/www/html/application/libraries/Zend/Db/Table/Abstract.php(983): Zend_Db_Table_Abstract->_setupPrimaryKey()
#3 /var/www/html/application/modules/Sesmembershipswitch/Plugin/Task/Cleanup.php(23): Zend_Db_Table_Abstract->info('name')
#4 /var/www/html/application/modules/Core/Model/DbTable/Tasks.php(828): Sesmembershipswitch_Plugin_Task_Cleanup->execute()
#5 /var/www/html/application/modules/Core/Model/DbTable/Tasks.php(670): Core_Model_DbTable_Tasks->_executeTask(Object(Engine_Db_Table_Row))
#6 /var/www/html/application/modules/Core/controllers/UtilityController.php(99): Core_Model_DbTable_Tasks->execute(Array)
#7 /var/www/html/application/libraries/Zend/Controller/Action.php(516): Core_UtilityController->tasksAction()
#8 /var/www/html/application/libraries/Zend/Controller/Dispatcher/Standard.php(308): Zend_Controller_Action->dispatch('tasksAction')
#9 /var/www/html/application/libraries/Zend/Controller/Front.php(954): Zend_Controller_Dispatcher_Standard->dispatch(Object(Zend_Controller_Request_Http), Object(Zend_Controller_Response_Http))
#10 /var/www/html/application/modules/Core/Bootstrap.php(86): Zend_Controller_Front->dispatch()
#11 /var/www/html/application/libraries/Engine/Application.php(160): Core_Bootstrap->run()
#12 /var/www/html/application/index.php(223): Engine_Application->run()
#13 /var/www/html/boot.php(47): include('/var/www/html/a...')
#14 /var/www/html/index.php(29): Engine_Boot->boot()
#15 {main}
2020-07-17T10:32:42+00:00 ERR (3): Zend_Db_Adapter_Mysqli_Exception: Table 'dandoe_se5.engine4_sesmembershipswitch_switchmemberships' doesn't exist in /var/www/html/application/libraries/Zend/Db/Adapter/Mysqli.php:204
Stack trace:
#0 /var/www/html/application/libraries/Zend/Db/Table/Abstract.php(836): Zend_Db_Adapter_Mysqli->describeTable('engine4_sesmemb...', NULL)
#1 /var/www/html/application/libraries/Zend/Db/Table/Abstract.php(875): Zend_Db_Table_Abstract->_setupMetadata()
#2 /var/www/html/application/libraries/Zend/Db/Table/Abstract.php(983): Zend_Db_Table_Abstract->_setupPrimaryKey()
#3 /var/www/html/application/modules/Sesmembershipswitch/Plugin/Task/Cleanup.php(23): Zend_Db_Table_Abstract->info('name')
#4 /var/www/html/application/modules/Core/Model/DbTable/Tasks.php(828): Sesmembershipswitch_Plugin_Task_Cleanup->execute()
#5 /var/www/html/application/modules/Core/Model/DbTable/Tasks.php(670): Core_Model_DbTable_Tasks->_executeTask(Object(Engine_Db_Table_Row))
#6 /var/www/html/application/modules/Core/controllers/UtilityController.php(99): Core_Model_DbTable_Tasks->execute(Array)
#7 /var/www/html/application/libraries/Zend/Controller/Action.php(516): Core_UtilityController->tasksAction()
#8 /var/www/html/application/libraries/Zend/Controller/Dispatcher/Standard.php(308): Zend_Controller_Action->dispatch('tasksAction')
#9 /var/www/html/application/libraries/Zend/Controller/Front.php(954): Zend_Controller_Dispatcher_Standard->dispatch(Object(Zend_Controller_Request_Http), Object(Zend_Controller_Response_Http))
#10 /var/www/html/application/modules/Core/Bootstrap.php(86): Zend_Controller_Front->dispatch()
#11 /var/www/html/application/libraries/Engine/Application.php(160): Core_Bootstrap->run()
#12 /var/www/html/application/index.php(223): Engine_Application->run()
#13 /var/www/html/boot.php(47): include('/var/www/html/a...')
#14 /var/www/html/index.php(29): Engine_Boot->boot()
#15 {main}
2020-07-22T10:31:33+00:00 ERR (3): Zend_Db_Adapter_Mysqli_Exception: Table 'dandoe_se5.engine4_sesmembershipswitch_switchmemberships' doesn't exist in /var/www/html/application/libraries/Zend/Db/Adapter/Mysqli.php:204
Stack trace:
#0 /var/www/html/application/libraries/Zend/Db/Table/Abstract.php(836): Zend_Db_Adapter_Mysqli->describeTable('engine4_sesmemb...', NULL)
#1 /var/www/html/application/libraries/Zend/Db/Table/Abstract.php(875): Zend_Db_Table_Abstract->_setupMetadata()
#2 /var/www/html/application/libraries/Zend/Db/Table/Abstract.php(983): Zend_Db_Table_Abstract->_setupPrimaryKey()
#3 /var/www/html/application/modules/Sesmembershipswitch/Plugin/Task/Cleanup.php(23): Zend_Db_Table_Abstract->info('name')
#4 /var/www/html/application/modules/Core/Model/DbTable/Tasks.php(828): Sesmembershipswitch_Plugin_Task_Cleanup->execute()
#5 /var/www/html/application/modules/Core/Model/DbTable/Tasks.php(670): Core_Model_DbTable_Tasks->_executeTask(Object(Engine_Db_Table_Row))
#6 /var/www/html/application/modules/Core/controllers/UtilityController.php(99): Core_Model_DbTable_Tasks->execute(Array)
#7 /var/www/html/application/libraries/Zend/Controller/Action.php(516): Core_UtilityController->tasksAction()
#8 /var/www/html/application/libraries/Zend/Controller/Dispatcher/Standard.php(308): Zend_Controller_Action->dispatch('tasksAction')
#9 /var/www/html/application/libraries/Zend/Controller/Front.php(954): Zend_Controller_Dispatcher_Standard->dispatch(Object(Zend_Controller_Request_Http), Object(Zend_Controller_Response_Http))
#10 /var/www/html/application/modules/Core/Bootstrap.php(86): Zend_Controller_Front->dispatch()
#11 /var/www/html/application/libraries/Engine/Application.php(160): Core_Bootstrap->run()
#12 /var/www/html/application/index.php(223): Engine_Application->run()
#13 /var/www/html/boot.php(47): include('/var/www/html/a...')
#14 /var/www/html/index.php(29): Engine_Boot->boot()
#15 {main}
2020-07-22T14:38:05+00:00 ERR (3): Zend_Db_Adapter_Mysqli_Exception: Table 'dandoe_se5.engine4_sesmembershipswitch_switchmemberships' doesn't exist in /var/www/html/application/libraries/Zend/Db/Adapter/Mysqli.php:204
Stack trace:
#0 /var/www/html/application/libraries/Zend/Db/Table/Abstract.php(836): Zend_Db_Adapter_Mysqli->describeTable('engine4_sesmemb...', NULL)
#1 /var/www/html/application/libraries/Zend/Db/Table/Abstract.php(875): Zend_Db_Table_Abstract->_setupMetadata()
#2 /var/www/html/application/libraries/Zend/Db/Table/Abstract.php(983): Zend_Db_Table_Abstract->_setupPrimaryKey()
#3 /var/www/html/application/modules/Sesmembershipswitch/Plugin/Task/Cleanup.php(23): Zend_Db_Table_Abstract->info('name')
#4 /var/www/html/application/modules/Core/Model/DbTable/Tasks.php(828): Sesmembershipswitch_Plugin_Task_Cleanup->execute()
#5 /var/www/html/application/modules/Core/Model/DbTable/Tasks.php(670): Core_Model_DbTable_Tasks->_executeTask(Object(Engine_Db_Table_Row))
#6 /var/www/html/application/modules/Core/controllers/UtilityController.php(99): Core_Model_DbTable_Tasks->execute(Array)
#7 /var/www/html/application/libraries/Zend/Controller/Action.php(516): Core_UtilityController->tasksAction()
#8 /var/www/html/application/libraries/Zend/Controller/Dispatcher/Standard.php(308): Zend_Controller_Action->dispatch('tasksAction')
#9 /var/www/html/application/libraries/Zend/Controller/Front.php(954): Zend_Controller_Dispatcher_Standard->dispatch(Object(Zend_Controller_Request_Http), Object(Zend_Controller_Response_Http))
#10 /var/www/html/application/modules/Core/Bootstrap.php(86): Zend_Controller_Front->dispatch()
#11 /var/www/html/application/libraries/Engine/Application.php(160): Core_Bootstrap->run()
#12 /var/www/html/application/index.php(223): Engine_Application->run()
#13 /var/www/html/boot.php(47): include('/var/www/html/a...')
#14 /var/www/html/index.php(29): Engine_Boot->boot()
#15 {main}
2020-07-22T17:21:20+00:00 ERR (3): Zend_Db_Adapter_Mysqli_Exception: Table 'dandoe_se5.engine4_sesmembershipswitch_switchmemberships' doesn't exist in /var/www/html/application/libraries/Zend/Db/Adapter/Mysqli.php:204
Stack trace:
#0 /var/www/html/application/libraries/Zend/Db/Table/Abstract.php(836): Zend_Db_Adapter_Mysqli->describeTable('engine4_sesmemb...', NULL)
#1 /var/www/html/application/libraries/Zend/Db/Table/Abstract.php(875): Zend_Db_Table_Abstract->_setupMetadata()
#2 /var/www/html/application/libraries/Zend/Db/Table/Abstract.php(983): Zend_Db_Table_Abstract->_setupPrimaryKey()
#3 /var/www/html/application/modules/Sesmembershipswitch/Plugin/Task/Cleanup.php(23): Zend_Db_Table_Abstract->info('name')
#4 /var/www/html/application/modules/Core/Model/DbTable/Tasks.php(828): Sesmembershipswitch_Plugin_Task_Cleanup->execute()
#5 /var/www/html/application/modules/Core/Model/DbTable/Tasks.php(670): Core_Model_DbTable_Tasks->_executeTask(Object(Engine_Db_Table_Row))
#6 /var/www/html/application/modules/Core/controllers/UtilityController.php(99): Core_Model_DbTable_Tasks->execute(Array)
#7 /var/www/html/application/libraries/Zend/Controller/Action.php(516): Core_UtilityController->tasksAction()
#8 /var/www/html/application/libraries/Zend/Controller/Dispatcher/Standard.php(308): Zend_Controller_Action->dispatch('tasksAction')
#9 /var/www/html/application/libraries/Zend/Controller/Front.php(954): Zend_Controller_Dispatcher_Standard->dispatch(Object(Zend_Controller_Request_Http), Object(Zend_Controller_Response_Http))
#10 /var/www/html/application/modules/Core/Bootstrap.php(86): Zend_Controller_Front->dispatch()
#11 /var/www/html/application/libraries/Engine/Application.php(160): Core_Bootstrap->run()
#12 /var/www/html/application/index.php(223): Engine_Application->run()
#13 /var/www/html/boot.php(47): include('/var/www/html/a...')
#14 /var/www/html/index.php(29): Engine_Boot->boot()
#15 {main}
